#
# There is insufficient memory for the Java Runtime Environment to continue.
# Native memory allocation (mmap) failed to map 225443840 bytes for Failed to commit area from 0x000000008f800000 to 0x000000009cf00000 of length 225443840.
# Possible reasons:
#   The system is out of physical RAM or swap space
#   The process is running with CompressedOops enabled, and the Java Heap may be blocking the growth of the native heap
# Possible solutions:
#   Reduce memory load on the system
#   Increase physical memory or swap space
#   Check if swap backing store is full
#   Decrease Java heap size (-Xmx/-Xms)
#   Decrease number of Java threads
#   Decrease Java thread stack sizes (-Xss)
#   Set larger code cache with -XX:ReservedCodeCacheSize=
#   JVM is running with Unscaled Compressed Oops mode in which the Java heap is
#     placed in the first 4GB address space. The Java Heap base address is the
#     maximum limit for the native heap growth. Please use -XX:HeapBaseMinAddress
#     to set the Java Heap base and to place the Java Heap above 4GB virtual address.
# This output file may be truncated or incomplete.
#
#  Out of Memory Error (./src/hotspot/os/windows/os_windows.cpp:3301), pid=10484, tid=4904
#
# JRE version: OpenJDK Runtime Environment (11.0.10) (build 11.0.10+0-b96-7249189)
# Java VM: OpenJDK 64-Bit Server VM (11.0.10+0-b96-7249189, mixed mode, tiered, compressed oops, g1 gc, windows-amd64)
# No core dump will be written. Minidumps are not enabled by default on client versions of Windows
#

---------------  S U M M A R Y ------------

Command Line: --add-opens=java.base/java.util=ALL-UNNAMED --add-opens=java.base/java.lang=ALL-UNNAMED --add-opens=java.base/java.lang.invoke=ALL-UNNAMED --add-opens=java.base/java.util=ALL-UNNAMED --add-opens=java.prefs/java.util.prefs=ALL-UNNAMED --add-opens=java.prefs/java.util.prefs=ALL-UNNAMED --add-opens=java.base/java.nio.charset=ALL-UNNAMED --add-opens=java.base/java.net=ALL-UNNAMED --add-opens=java.base/java.util.concurrent.atomic=ALL-UNNAMED -Xmx2048m -Dfile.encoding=UTF-8 -Duser.country=US -Duser.language=en -Duser.variant org.gradle.launcher.daemon.bootstrap.GradleDaemon 7.1

Host: Intel(R) Core(TM) i3-2120 CPU @ 3.30GHz, 4 cores, 7G,  Windows 10 , 64 bit Build 18362 (10.0.18362.1500)
Time: Sun Nov 14 15:55:26 2021 Bangladesh Standard Time elapsed time: 127.021660 seconds (0d 0h 2m 7s)

---------------  T H R E A D  ---------------

Current thread (0x000001a2a7d8c800):  VMThread "VM Thread" [stack: 0x0000000341500000,0x0000000341600000] [id=4904]

Stack: [0x0000000341500000,0x0000000341600000]
[error occurred during error reporting (printing stack bounds), id 0xc0000005, EXCEPTION_ACCESS_VIOLATION (0xc0000005) at pc=0x000001a291c90f2d]

Native frames: (J=compiled Java code, j=interpreted, Vv=VM code, C=native code)
V  [jvm.dll+0x5ecfaa]
V  [jvm.dll+0x722bd5]
V  [jvm.dll+0x72412d]
V  [jvm.dll+0x724745]
V  [jvm.dll+0x7246fb]
V  [jvm.dll+0x5ec348]
V  [jvm.dll+0x5ecad8]
C  [ntdll.dll+0xa1fff]
C  [ntdll.dll+0x6aad9]
C  [ntdll.dll+0xa0c6e]
C  0x000001a291c90f2d

VM_Operation (0x0000000346ffcf50): G1CollectForAllocation, mode: safepoint, requested by thread 0x000001a2afc9e800


---------------  P R O C E S S  ---------------

Threads class SMR info:
_java_thread_list=0x000001a2b409c9e0, length=90, elements={
0x000001a28e1df000, 0x000001a2a7d91000, 0x000001a2a7d92000, 0x000001a2a8713800,
0x000001a2a7dbc800, 0x000001a2a7dbe800, 0x000001a2a7dc4000, 0x000001a2a7dc6000,
0x000001a2a876f800, 0x000001a2a884b800, 0x000001a2aa657000, 0x000001a2aafef000,
0x000001a2a937e000, 0x000001a2aa63e800, 0x000001a2aac75800, 0x000001a2ab0fe000,
0x000001a2aa9a3800, 0x000001a2aa014000, 0x000001a2ab1f0000, 0x000001a2ab1ec000,
0x000001a2ab1f1000, 0x000001a2ab1eb000, 0x000001a2ab1ee800, 0x000001a2ab1ed800,
0x000001a2ab1f1800, 0x000001a2ab1ec800, 0x000001a2acc1f800, 0x000001a2acc21800,
0x000001a2acc22000, 0x000001a2acc23000, 0x000001a2acc24800, 0x000001a2acc20800,
0x000001a2acc26000, 0x000001a2acc27000, 0x000001a2acc28800, 0x000001a2acc28000,
0x000001a2acc24000, 0x000001a2acc2d800, 0x000001a2acc2a800, 0x000001a2acc2b000,
0x000001a2acc2c000, 0x000001a2acc2d000, 0x000001a2ae374000, 0x000001a2ae374800,
0x000001a2ae372800, 0x000001a2ae378000, 0x000001a2ae375800, 0x000001a2ae377000,
0x000001a2ae376800, 0x000001a2ae379000, 0x000001a2ae373000, 0x000001a2ae37f800,
0x000001a2ae37e800, 0x000001a2ae379800, 0x000001a2ae37d800, 0x000001a2ae37b800,
0x000001a2ae37c000, 0x000001a2ae380000, 0x000001a2ae37a800, 0x000001a2ae37d000,
0x000001a2ae381000, 0x000001a2ae077000, 0x000001a2ae076000, 0x000001a2ae077800,
0x000001a2ae078800, 0x000001a2ae079000, 0x000001a2ae075000, 0x000001a2ae073800,
0x000001a2ae07a000, 0x000001a2ae074800, 0x000001a2ae07d800, 0x000001a2ae07e000,
0x000001a2ae07b000, 0x000001a2ae080800, 0x000001a2ae080000, 0x000001a2ae081800,
0x000001a2ae07b800, 0x000001a2ae082000, 0x000001a2ae07c800, 0x000001a2afc9f800,
0x000001a2afca1000, 0x000001a2afc9d000, 0x000001a2afc9c000, 0x000001a2afc9d800,
0x000001a2afc9e800, 0x000001a2afca0000, 0x000001a2afc9b800, 0x000001a2a937f800,
0x000001a2afca2000, 0x000001a2afca5000
}

Java Threads: ( => current thread )
  0x000001a28e1df000 JavaThread "main" [_thread_blocked, id=7456, stack(0x0000000340f00000,0x0000000341000000)]
  0x000001a2a7d91000 JavaThread "Reference Handler" daemon [_thread_blocked, id=12560, stack(0x0000000341600000,0x0000000341700000)]
  0x000001a2a7d92000 JavaThread "Finalizer" daemon [_thread_blocked, id=4140, stack(0x0000000341700000,0x0000000341800000)]
  0x000001a2a8713800 JavaThread "Signal Dispatcher" daemon [_thread_blocked, id=12180, stack(0x0000000341800000,0x0000000341900000)]
  0x000001a2a7dbc800 JavaThread "Attach Listener" daemon [_thread_blocked, id=1400, stack(0x0000000341900000,0x0000000341a00000)]
  0x000001a2a7dbe800 JavaThread "Service Thread" daemon [_thread_blocked, id=13196, stack(0x0000000341a00000,0x0000000341b00000)]
  0x000001a2a7dc4000 JavaThread "C2 CompilerThread0" daemon [_thread_blocked, id=9840, stack(0x0000000341b00000,0x0000000341c00000)]
  0x000001a2a7dc6000 JavaThread "C1 CompilerThread0" daemon [_thread_blocked, id=9736, stack(0x0000000341c00000,0x0000000341d00000)]
  0x000001a2a876f800 JavaThread "Sweeper thread" daemon [_thread_blocked, id=9604, stack(0x0000000341d00000,0x0000000341e00000)]
  0x000001a2a884b800 JavaThread "Common-Cleaner" daemon [_thread_blocked, id=10824, stack(0x0000000341e00000,0x0000000341f00000)]
  0x000001a2aa657000 JavaThread "Daemon health stats" [_thread_blocked, id=11068, stack(0x0000000342300000,0x0000000342400000)]
  0x000001a2aafef000 JavaThread "Incoming local TCP Connector on port 55820" [_thread_in_native, id=10548, stack(0x0000000342400000,0x0000000342500000)]
  0x000001a2a937e000 JavaThread "Daemon periodic checks" [_thread_blocked, id=8412, stack(0x0000000342500000,0x0000000342600000)]
  0x000001a2aa63e800 JavaThread "Daemon" [_thread_blocked, id=11244, stack(0x0000000342600000,0x0000000342700000)]
  0x000001a2aac75800 JavaThread "Handler for socket connection from /127.0.0.1:55820 to /127.0.0.1:55821" [_thread_in_native, id=400, stack(0x0000000342700000,0x0000000342800000)]
  0x000001a2ab0fe000 JavaThread "Cancel handler" [_thread_blocked, id=5928, stack(0x0000000342800000,0x0000000342900000)]
  0x000001a2aa9a3800 JavaThread "Daemon worker" [_thread_blocked, id=12916, stack(0x0000000342900000,0x0000000342a00000)]
  0x000001a2aa014000 JavaThread "Asynchronous log dispatcher for DefaultDaemonConnection: socket connection from /127.0.0.1:55820 to /127.0.0.1:55821" [_thread_blocked, id=9884, stack(0x0000000342a00000,0x0000000342b00000)]
  0x000001a2ab1f0000 JavaThread "Daemon client event forwarder" [_thread_blocked, id=7964, stack(0x0000000342c00000,0x0000000342d00000)]
  0x000001a2ab1ec000 JavaThread "Cache worker for journal cache (C:\Users\AgamiSoft\.gradle\caches\journal-1)" [_thread_blocked, id=12700, stack(0x0000000342d00000,0x0000000342e00000)]
  0x000001a2ab1f1000 JavaThread "File lock request listener" [_thread_in_native, id=10232, stack(0x0000000342e00000,0x0000000342f00000)]
  0x000001a2ab1eb000 JavaThread "Cache worker for file hash cache (C:\Users\AgamiSoft\.gradle\caches\7.1\fileHashes)" [_thread_blocked, id=11728, stack(0x0000000342f00000,0x0000000343000000)]
  0x000001a2ab1ee800 JavaThread "Cache worker for file hash cache (D:\Final MIS\MIS_ERP\.gradle\7.1\fileHashes)" [_thread_blocked, id=8760, stack(0x0000000342000000,0x0000000342100000)]
  0x000001a2ab1ed800 JavaThread "File watcher server" daemon [_thread_blocked, id=7160, stack(0x0000000343100000,0x0000000343200000)]
  0x000001a2ab1f1800 JavaThread "File watcher consumer" daemon [_thread_blocked, id=9808, stack(0x0000000343200000,0x0000000343300000)]
  0x000001a2ab1ec800 JavaThread "Cache worker for checksums cache (D:\Final MIS\MIS_ERP\.gradle\checksums)" [_thread_blocked, id=9340, stack(0x0000000343400000,0x0000000343500000)]
  0x000001a2acc1f800 JavaThread "Cache worker for cache directory md-supplier (C:\Users\AgamiSoft\.gradle\caches\7.1\md-supplier)" [_thread_blocked, id=4696, stack(0x0000000343500000,0x0000000343600000)]
  0x000001a2acc21800 JavaThread "Cache worker for cache directory md-rule (C:\Users\AgamiSoft\.gradle\caches\7.1\md-rule)" [_thread_blocked, id=3024, stack(0x0000000343600000,0x0000000343700000)]
  0x000001a2acc22000 JavaThread "Cache worker for execution history cache (C:\Users\AgamiSoft\.gradle\caches\7.1\executionHistory)" [_thread_blocked, id=9676, stack(0x0000000343700000,0x0000000343800000)]
  0x000001a2acc23000 JavaThread "jar transforms" [_thread_blocked, id=9524, stack(0x0000000343800000,0x0000000343900000)]
  0x000001a2acc24800 JavaThread "jar transforms Thread 2" [_thread_blocked, id=13228, stack(0x0000000343900000,0x0000000343a00000)]
  0x000001a2acc20800 JavaThread "Cache worker for file content cache (C:\Users\AgamiSoft\.gradle\caches\7.1\fileContent)" [_thread_blocked, id=10764, stack(0x0000000343a00000,0x0000000343b00000)]
  0x000001a2acc26000 JavaThread "Cache worker for dependencies-accessors (D:\Final MIS\MIS_ERP\.gradle\7.1\dependencies-accessors)" [_thread_blocked, id=11992, stack(0x0000000343b00000,0x0000000343c00000)]
  0x000001a2acc27000 JavaThread "jar transforms Thread 3" [_thread_blocked, id=6964, stack(0x0000000343c00000,0x0000000343d00000)]
  0x000001a2acc28800 JavaThread "Cache worker for Build Output Cleanup Cache (D:\Final MIS\MIS_ERP\.gradle\buildOutputCleanup)" [_thread_blocked, id=5180, stack(0x0000000343d00000,0x0000000343e00000)]
  0x000001a2acc28000 JavaThread "Unconstrained build operations" [_thread_blocked, id=8284, stack(0x0000000343e00000,0x0000000343f00000)]
  0x000001a2acc24000 JavaThread "Unconstrained build operations Thread 2" [_thread_blocked, id=9836, stack(0x0000000343f00000,0x0000000344000000)]
  0x000001a2acc2d800 JavaThread "Unconstrained build operations Thread 3" [_thread_blocked, id=5856, stack(0x0000000344000000,0x0000000344100000)]
  0x000001a2acc2a800 JavaThread "Unconstrained build operations Thread 4" [_thread_blocked, id=6980, stack(0x0000000344100000,0x0000000344200000)]
  0x000001a2acc2b000 JavaThread "Unconstrained build operations Thread 5" [_thread_blocked, id=5464, stack(0x0000000344200000,0x0000000344300000)]
  0x000001a2acc2c000 JavaThread "Unconstrained build operations Thread 6" [_thread_blocked, id=5976, stack(0x0000000344300000,0x0000000344400000)]
  0x000001a2acc2d000 JavaThread "Unconstrained build operations Thread 7" [_thread_blocked, id=12128, stack(0x0000000344400000,0x0000000344500000)]
  0x000001a2ae374000 JavaThread "Unconstrained build operations Thread 8" [_thread_blocked, id=8200, stack(0x0000000344500000,0x0000000344600000)]
  0x000001a2ae374800 JavaThread "Unconstrained build operations Thread 9" [_thread_blocked, id=10344, stack(0x0000000344600000,0x0000000344700000)]
  0x000001a2ae372800 JavaThread "Unconstrained build operations Thread 10" [_thread_blocked, id=3264, stack(0x0000000344700000,0x0000000344800000)]
  0x000001a2ae378000 JavaThread "Unconstrained build operations Thread 11" [_thread_blocked, id=2096, stack(0x0000000344800000,0x0000000344900000)]
  0x000001a2ae375800 JavaThread "Unconstrained build operations Thread 12" [_thread_blocked, id=12612, stack(0x0000000344900000,0x0000000344a00000)]
  0x000001a2ae377000 JavaThread "Unconstrained build operations Thread 13" [_thread_blocked, id=10360, stack(0x0000000344a00000,0x0000000344b00000)]
  0x000001a2ae376800 JavaThread "Unconstrained build operations Thread 14" [_thread_blocked, id=10672, stack(0x0000000344b00000,0x0000000344c00000)]
  0x000001a2ae379000 JavaThread "Unconstrained build operations Thread 15" [_thread_blocked, id=12324, stack(0x0000000344c00000,0x0000000344d00000)]
  0x000001a2ae373000 JavaThread "Unconstrained build operations Thread 16" [_thread_blocked, id=11784, stack(0x0000000344d00000,0x0000000344e00000)]
  0x000001a2ae37f800 JavaThread "Unconstrained build operations Thread 17" [_thread_blocked, id=10720, stack(0x0000000344e00000,0x0000000344f00000)]
  0x000001a2ae37e800 JavaThread "Unconstrained build operations Thread 18" [_thread_blocked, id=7636, stack(0x0000000344f00000,0x0000000345000000)]
  0x000001a2ae379800 JavaThread "Unconstrained build operations Thread 19" [_thread_blocked, id=8472, stack(0x0000000345000000,0x0000000345100000)]
  0x000001a2ae37d800 JavaThread "Unconstrained build operations Thread 20" [_thread_blocked, id=9268, stack(0x0000000345100000,0x0000000345200000)]
  0x000001a2ae37b800 JavaThread "Unconstrained build operations Thread 21" [_thread_blocked, id=12132, stack(0x0000000345200000,0x0000000345300000)]
  0x000001a2ae37c000 JavaThread "Unconstrained build operations Thread 22" [_thread_blocked, id=6384, stack(0x0000000345300000,0x0000000345400000)]
  0x000001a2ae380000 JavaThread "Unconstrained build operations Thread 23" [_thread_blocked, id=8168, stack(0x0000000345400000,0x0000000345500000)]
  0x000001a2ae37a800 JavaThread "Unconstrained build operations Thread 24" [_thread_blocked, id=9564, stack(0x0000000345500000,0x0000000345600000)]
  0x000001a2ae37d000 JavaThread "Unconstrained build operations Thread 25" [_thread_blocked, id=1948, stack(0x0000000345600000,0x0000000345700000)]
  0x000001a2ae381000 JavaThread "Unconstrained build operations Thread 26" [_thread_blocked, id=12336, stack(0x0000000345700000,0x0000000345800000)]
  0x000001a2ae077000 JavaThread "Unconstrained build operations Thread 27" [_thread_blocked, id=4328, stack(0x0000000345800000,0x0000000345900000)]
  0x000001a2ae076000 JavaThread "Unconstrained build operations Thread 28" [_thread_blocked, id=11064, stack(0x0000000345900000,0x0000000345a00000)]
  0x000001a2ae077800 JavaThread "Unconstrained build operations Thread 29" [_thread_blocked, id=9560, stack(0x0000000345a00000,0x0000000345b00000)]
  0x000001a2ae078800 JavaThread "Unconstrained build operations Thread 30" [_thread_blocked, id=11240, stack(0x0000000345b00000,0x0000000345c00000)]
  0x000001a2ae079000 JavaThread "Unconstrained build operations Thread 31" [_thread_blocked, id=5036, stack(0x0000000345c00000,0x0000000345d00000)]
  0x000001a2ae075000 JavaThread "Unconstrained build operations Thread 32" [_thread_blocked, id=12416, stack(0x0000000345d00000,0x0000000345e00000)]
  0x000001a2ae073800 JavaThread "Unconstrained build operations Thread 33" [_thread_blocked, id=10612, stack(0x0000000345e00000,0x0000000345f00000)]
  0x000001a2ae07a000 JavaThread "Unconstrained build operations Thread 34" [_thread_blocked, id=8152, stack(0x0000000345f00000,0x0000000346000000)]
  0x000001a2ae074800 JavaThread "Unconstrained build operations Thread 35" [_thread_blocked, id=10488, stack(0x0000000346000000,0x0000000346100000)]
  0x000001a2ae07d800 JavaThread "Unconstrained build operations Thread 36" [_thread_blocked, id=7708, stack(0x0000000346100000,0x0000000346200000)]
  0x000001a2ae07e000 JavaThread "Unconstrained build operations Thread 37" [_thread_blocked, id=12400, stack(0x0000000346200000,0x0000000346300000)]
  0x000001a2ae07b000 JavaThread "Unconstrained build operations Thread 38" [_thread_blocked, id=6748, stack(0x0000000346300000,0x0000000346400000)]
  0x000001a2ae080800 JavaThread "Unconstrained build operations Thread 39" [_thread_blocked, id=9028, stack(0x0000000346400000,0x0000000346500000)]
  0x000001a2ae080000 JavaThread "Unconstrained build operations Thread 40" [_thread_blocked, id=6484, stack(0x0000000346500000,0x0000000346600000)]
  0x000001a2ae081800 JavaThread "jar transforms Thread 4" [_thread_blocked, id=12364, stack(0x0000000346600000,0x0000000346700000)]
  0x000001a2ae07b800 JavaThread "Memory manager" [_thread_blocked, id=8452, stack(0x0000000346700000,0x0000000346800000)]
  0x000001a2ae082000 JavaThread "build event listener" [_thread_blocked, id=12052, stack(0x0000000346800000,0x0000000346900000)]
  0x000001a2ae07c800 JavaThread "pool-3-thread-1" [_thread_blocked, id=10184, stack(0x0000000346900000,0x0000000346a00000)]
  0x000001a2afc9f800 JavaThread "build event listener" [_thread_blocked, id=12796, stack(0x0000000346a00000,0x0000000346b00000)]
  0x000001a2afca1000 JavaThread "Execution worker for ':'" [_thread_blocked, id=3404, stack(0x0000000346b00000,0x0000000346c00000)]
  0x000001a2afc9d000 JavaThread "Execution worker for ':' Thread 2" [_thread_blocked, id=12948, stack(0x0000000346c00000,0x0000000346d00000)]
  0x000001a2afc9c000 JavaThread "Execution worker for ':' Thread 3" [_thread_blocked, id=10740, stack(0x0000000346d00000,0x0000000346e00000)]
  0x000001a2afc9d800 JavaThread "Cache worker for execution history cache (D:\Final MIS\MIS_ERP\.gradle\7.1\executionHistory)" [_thread_blocked, id=10416, stack(0x0000000346e00000,0x0000000346f00000)]
  0x000001a2afc9e800 JavaThread "WorkerExecutor Queue" [_thread_blocked, id=10880, stack(0x0000000346f00000,0x0000000347000000)]
  0x000001a2afca0000 JavaThread "WorkerExecutor Queue Thread 2" [_thread_blocked, id=8196, stack(0x0000000347000000,0x0000000347100000)]
  0x000001a2afc9b800 JavaThread "WorkerExecutor Queue Thread 3" [_thread_blocked, id=10948, stack(0x0000000347300000,0x0000000347400000)]
  0x000001a2a937f800 JavaThread "C2 CompilerThread1" daemon [_thread_blocked, id=852, stack(0x0000000340c00000,0x0000000340d00000)]
  0x000001a2afca2000 JavaThread "WorkerExecutor Queue Thread 6" [_thread_in_native, id=12820, stack(0x0000000342b00000,0x0000000342c00000)]
  0x000001a2afca5000 JavaThread "pool-4-thread-1" [_thread_blocked, id=4448, stack(0x0000000340e00000,0x0000000340f00000)]

Other Threads:
=>0x000001a2a7d8c800 VMThread "VM Thread" [stack: 0x0000000341500000,0x0000000341600000] [id=4904]
  0x000001a2a8875000 WatcherThread [stack: 0x0000000341f00000,0x0000000342000000] [id=10768]
  0x000001a28e1f8000 GCTaskThread "GC Thread#0" [stack: 0x0000000341000000,0x0000000341100000] [id=7500]
  0x000001a2a9243000 GCTaskThread "GC Thread#1" [stack: 0x0000000342100000,0x0000000342200000] [id=11952]
  0x000001a2a8c68000 GCTaskThread "GC Thread#2" [stack: 0x0000000342200000,0x0000000342300000] [id=12472]
  0x000001a2a9f64800 GCTaskThread "GC Thread#3" [stack: 0x0000000343000000,0x0000000343100000] [id=1252]
  0x000001a28e228800 ConcurrentGCThread "G1 Main Marker" [stack: 0x0000000341100000,0x0000000341200000] [id=11184]
  0x000001a28e22a000 ConcurrentGCThread "G1 Conc#0" [stack: 0x0000000341200000,0x0000000341300000] [id=9632]
  0x000001a2a7be0800 ConcurrentGCThread "G1 Refine#0" [stack: 0x0000000341300000,0x0000000341400000] [id=4256]
  0x000001a2b16ba800 ConcurrentGCThread "G1 Refine#1" [stack: 0x0000000347200000,0x0000000347300000] [id=4584]
  0x000001a2a7be1800 ConcurrentGCThread "G1 Young RemSet Sampling" [stack: 0x0000000341400000,0x0000000341500000] [id=9148]

Threads with active compile tasks:
C2 CompilerThread0 127045 18399       4       com.android.tools.r8.graph.Y0::a (258 bytes)
C2 CompilerThread1 127045 18395       4       com.android.tools.r8.internal.XG0::a (42 bytes)

VM state:at safepoint (normal execution)

VM Mutex/Monitor currently owned by a thread:  ([mutex/lock_event])
[0x000001a28e1d99d0] Threads_lock - owner thread: 0x000001a2a7d8c800
[0x000001a28e1daea0] Heap_lock - owner thread: 0x000001a2afc9e800

Heap address: 0x0000000080000000, size: 2048 MB, Compressed Oops mode: 32-bit
Narrow klass base: 0x0000000000000000, Narrow klass shift: 3
Compressed class space size: 1073741824 Address: 0x0000000100000000

Heap:
 garbage-first heap   total 474112K, used 241664K [0x0000000080000000, 0x0000000100000000)
  region size 1024K, 2 young (2048K), 2 survivors (2048K)
 Metaspace       used 106399K, capacity 108788K, committed 108876K, reserved 1144832K
  class space    used 13039K, capacity 13906K, committed 13952K, reserved 1048576K
Heap Regions: E=young(eden), S=young(survivor), O=old, HS=humongous(starts), HC=humongous(continues), CS=collection set, F=free, A=archive, TAMS=top-at-mark-start (previous, next)
|   0|0x0000000080000000, 0x0000000080100000, 0x0000000080100000|100%| O|  |TAMS 0x0000000080100000, 0x0000000080100000| Untracked 
|   1|0x0000000080100000, 0x0000000080200000, 0x0000000080200000|100%| O|  |TAMS 0x0000000080200000, 0x0000000080200000| Untracked 
|   2|0x0000000080200000, 0x0000000080300000, 0x0000000080300000|100%| O|  |TAMS 0x0000000080300000, 0x0000000080300000| Untracked 
|   3|0x0000000080300000, 0x0000000080400000, 0x0000000080400000|100%|HS|  |TAMS 0x0000000080400000, 0x0000000080400000| Complete 
|   4|0x0000000080400000, 0x0000000080500000, 0x0000000080500000|100%|HC|  |TAMS 0x0000000080500000, 0x0000000080500000| Complete 
|   5|0x0000000080500000, 0x0000000080600000, 0x0000000080600000|100%|HC|  |TAMS 0x0000000080600000, 0x0000000080600000| Complete 
|   6|0x0000000080600000, 0x0000000080700000, 0x0000000080700000|100%| O|  |TAMS 0x0000000080700000, 0x0000000080700000| Untracked 
|   7|0x0000000080700000, 0x0000000080800000, 0x0000000080800000|100%| O|  |TAMS 0x0000000080800000, 0x0000000080800000| Untracked 
|   8|0x0000000080800000, 0x0000000080900000, 0x0000000080900000|100%| O|  |TAMS 0x0000000080900000, 0x0000000080900000| Untracked 
|   9|0x0000000080900000, 0x0000000080a00000, 0x0000000080a00000|100%| O|  |TAMS 0x0000000080a00000, 0x0000000080a00000| Untracked 
|  10|0x0000000080a00000, 0x0000000080b00000, 0x0000000080b00000|100%| O|  |TAMS 0x0000000080b00000, 0x0000000080b00000| Untracked 
|  11|0x0000000080b00000, 0x0000000080c00000, 0x0000000080c00000|100%| O|  |TAMS 0x0000000080c00000, 0x0000000080c00000| Untracked 
|  12|0x0000000080c00000, 0x0000000080d00000, 0x0000000080d00000|100%| O|  |TAMS 0x0000000080d00000, 0x0000000080d00000| Untracked 
|  13|0x0000000080d00000, 0x0000000080e00000, 0x0000000080e00000|100%| O|  |TAMS 0x0000000080e00000, 0x0000000080e00000| Untracked 
|  14|0x0000000080e00000, 0x0000000080f00000, 0x0000000080f00000|100%| O|  |TAMS 0x0000000080f00000, 0x0000000080f00000| Untracked 
|  15|0x0000000080f00000, 0x0000000081000000, 0x0000000081000000|100%| O|  |TAMS 0x0000000081000000, 0x0000000081000000| Untracked 
|  16|0x0000000081000000, 0x0000000081100000, 0x0000000081100000|100%| O|  |TAMS 0x0000000081100000, 0x0000000081100000| Untracked 
|  17|0x0000000081100000, 0x0000000081200000, 0x0000000081200000|100%| O|  |TAMS 0x0000000081200000, 0x0000000081200000| Untracked 
|  18|0x0000000081200000, 0x0000000081300000, 0x0000000081300000|100%| O|  |TAMS 0x0000000081300000, 0x0000000081300000| Untracked 
|  19|0x0000000081300000, 0x0000000081400000, 0x0000000081400000|100%| O|  |TAMS 0x0000000081400000, 0x0000000081400000| Untracked 
|  20|0x0000000081400000, 0x0000000081500000, 0x0000000081500000|100%|HS|  |TAMS 0x0000000081500000, 0x0000000081500000| Complete 
|  21|0x0000000081500000, 0x0000000081600000, 0x0000000081600000|100%| O|  |TAMS 0x0000000081600000, 0x0000000081600000| Untracked 
|  22|0x0000000081600000, 0x0000000081700000, 0x0000000081700000|100%| O|  |TAMS 0x0000000081700000, 0x0000000081700000| Untracked 
|  23|0x0000000081700000, 0x0000000081800000, 0x0000000081800000|100%|HS|  |TAMS 0x0000000081800000, 0x0000000081800000| Complete 
|  24|0x0000000081800000, 0x0000000081900000, 0x0000000081900000|100%|HS|  |TAMS 0x0000000081900000, 0x0000000081900000| Complete 
|  25|0x0000000081900000, 0x0000000081a00000, 0x0000000081a00000|100%|HS|  |TAMS 0x0000000081a00000, 0x0000000081a00000| Complete 
|  26|0x0000000081a00000, 0x0000000081b00000, 0x0000000081b00000|100%|HC|  |TAMS 0x0000000081b00000, 0x0000000081b00000| Complete 
|  27|0x0000000081b00000, 0x0000000081c00000, 0x0000000081c00000|100%| O|  |TAMS 0x0000000081c00000, 0x0000000081c00000| Untracked 
|  28|0x0000000081c00000, 0x0000000081d00000, 0x0000000081d00000|100%| O|  |TAMS 0x0000000081d00000, 0x0000000081d00000| Untracked 
|  29|0x0000000081d00000, 0x0000000081e00000, 0x0000000081e00000|100%| O|  |TAMS 0x0000000081e00000, 0x0000000081e00000| Untracked 
|  30|0x0000000081e00000, 0x0000000081f00000, 0x0000000081f00000|100%| O|  |TAMS 0x0000000081f00000, 0x0000000081f00000| Untracked 
|  31|0x0000000081f00000, 0x0000000082000000, 0x0000000082000000|100%| O|  |TAMS 0x0000000082000000, 0x0000000082000000| Untracked 
|  32|0x0000000082000000, 0x0000000082100000, 0x0000000082100000|100%| O|  |TAMS 0x0000000082100000, 0x0000000082100000| Untracked 
|  33|0x0000000082100000, 0x0000000082200000, 0x0000000082200000|100%| O|  |TAMS 0x0000000082200000, 0x0000000082200000| Untracked 
|  34|0x0000000082200000, 0x0000000082300000, 0x0000000082300000|100%| O|  |TAMS 0x0000000082300000, 0x0000000082300000| Untracked 
|  35|0x0000000082300000, 0x0000000082400000, 0x0000000082400000|100%| O|  |TAMS 0x0000000082400000, 0x0000000082400000| Untracked 
|  36|0x0000000082400000, 0x0000000082500000, 0x0000000082500000|100%| O|  |TAMS 0x0000000082500000, 0x0000000082500000| Untracked 
|  37|0x0000000082500000, 0x0000000082600000, 0x0000000082600000|100%| O|  |TAMS 0x0000000082600000, 0x0000000082600000| Untracked 
|  38|0x0000000082600000, 0x0000000082700000, 0x0000000082700000|100%| O|  |TAMS 0x0000000082700000, 0x0000000082700000| Untracked 
|  39|0x0000000082700000, 0x0000000082800000, 0x0000000082800000|100%| O|  |TAMS 0x0000000082800000, 0x0000000082800000| Untracked 
|  40|0x0000000082800000, 0x0000000082900000, 0x0000000082900000|100%| O|  |TAMS 0x0000000082900000, 0x0000000082900000| Untracked 
|  41|0x0000000082900000, 0x0000000082a00000, 0x0000000082a00000|100%| O|  |TAMS 0x0000000082a00000, 0x0000000082a00000| Untracked 
|  42|0x0000000082a00000, 0x0000000082b00000, 0x0000000082b00000|100%| O|  |TAMS 0x0000000082b00000, 0x0000000082b00000| Untracked 
|  43|0x0000000082b00000, 0x0000000082c00000, 0x0000000082c00000|100%| O|  |TAMS 0x0000000082c00000, 0x0000000082c00000| Untracked 
|  44|0x0000000082c00000, 0x0000000082d00000, 0x0000000082d00000|100%| O|  |TAMS 0x0000000082d00000, 0x0000000082d00000| Untracked 
|  45|0x0000000082d00000, 0x0000000082e00000, 0x0000000082e00000|100%| O|  |TAMS 0x0000000082e00000, 0x0000000082e00000| Untracked 
|  46|0x0000000082e00000, 0x0000000082f00000, 0x0000000082f00000|100%| O|  |TAMS 0x0000000082f00000, 0x0000000082f00000| Untracked 
|  47|0x0000000082f00000, 0x0000000083000000, 0x0000000083000000|100%| O|  |TAMS 0x0000000083000000, 0x0000000083000000| Untracked 
|  48|0x0000000083000000, 0x0000000083100000, 0x0000000083100000|100%| O|  |TAMS 0x0000000083100000, 0x0000000083100000| Untracked 
|  49|0x0000000083100000, 0x0000000083200000, 0x0000000083200000|100%| O|  |TAMS 0x0000000083200000, 0x0000000083200000| Untracked 
|  50|0x0000000083200000, 0x0000000083300000, 0x0000000083300000|100%| O|  |TAMS 0x0000000083300000, 0x0000000083300000| Untracked 
|  51|0x0000000083300000, 0x0000000083400000, 0x0000000083400000|100%| O|  |TAMS 0x0000000083400000, 0x0000000083400000| Untracked 
|  52|0x0000000083400000, 0x0000000083500000, 0x0000000083500000|100%| O|  |TAMS 0x0000000083500000, 0x0000000083500000| Untracked 
|  53|0x0000000083500000, 0x0000000083600000, 0x0000000083600000|100%| O|  |TAMS 0x0000000083600000, 0x0000000083600000| Untracked 
|  54|0x0000000083600000, 0x0000000083700000, 0x0000000083700000|100%| O|  |TAMS 0x0000000083700000, 0x0000000083700000| Untracked 
|  55|0x0000000083700000, 0x0000000083800000, 0x0000000083800000|100%| O|  |TAMS 0x0000000083800000, 0x0000000083800000| Untracked 
|  56|0x0000000083800000, 0x0000000083900000, 0x0000000083900000|100%| O|  |TAMS 0x0000000083900000, 0x0000000083900000| Untracked 
|  57|0x0000000083900000, 0x0000000083a00000, 0x0000000083a00000|100%| O|  |TAMS 0x0000000083a00000, 0x0000000083a00000| Untracked 
|  58|0x0000000083a00000, 0x0000000083b00000, 0x0000000083b00000|100%| O|  |TAMS 0x0000000083b00000, 0x0000000083b00000| Untracked 
|  59|0x0000000083b00000, 0x0000000083c00000, 0x0000000083c00000|100%| O|  |TAMS 0x0000000083c00000, 0x0000000083c00000| Untracked 
|  60|0x0000000083c00000, 0x0000000083d00000, 0x0000000083d00000|100%| O|  |TAMS 0x0000000083d00000, 0x0000000083d00000| Untracked 
|  61|0x0000000083d00000, 0x0000000083e00000, 0x0000000083e00000|100%| O|  |TAMS 0x0000000083e00000, 0x0000000083e00000| Untracked 
|  62|0x0000000083e00000, 0x0000000083f00000, 0x0000000083f00000|100%| O|  |TAMS 0x0000000083f00000, 0x0000000083f00000| Untracked 
|  63|0x0000000083f00000, 0x0000000084000000, 0x0000000084000000|100%| O|  |TAMS 0x0000000084000000, 0x0000000084000000| Untracked 
|  64|0x0000000084000000, 0x0000000084100000, 0x0000000084100000|100%| O|  |TAMS 0x0000000084100000, 0x0000000084100000| Untracked 
|  65|0x0000000084100000, 0x0000000084200000, 0x0000000084200000|100%| O|  |TAMS 0x0000000084200000, 0x0000000084200000| Untracked 
|  66|0x0000000084200000, 0x0000000084300000, 0x0000000084300000|100%| O|  |TAMS 0x0000000084300000, 0x0000000084300000| Untracked 
|  67|0x0000000084300000, 0x0000000084400000, 0x0000000084400000|100%| O|  |TAMS 0x0000000084400000, 0x0000000084400000| Untracked 
|  68|0x0000000084400000, 0x0000000084500000, 0x0000000084500000|100%| O|  |TAMS 0x0000000084500000, 0x0000000084500000| Untracked 
|  69|0x0000000084500000, 0x0000000084600000, 0x0000000084600000|100%| O|  |TAMS 0x0000000084600000, 0x0000000084600000| Untracked 
|  70|0x0000000084600000, 0x0000000084700000, 0x0000000084700000|100%| O|  |TAMS 0x0000000084700000, 0x0000000084700000| Untracked 
|  71|0x0000000084700000, 0x0000000084800000, 0x0000000084800000|100%| O|  |TAMS 0x0000000084800000, 0x0000000084800000| Untracked 
|  72|0x0000000084800000, 0x0000000084900000, 0x0000000084900000|100%| O|  |TAMS 0x0000000084900000, 0x0000000084900000| Untracked 
|  73|0x0000000084900000, 0x0000000084a00000, 0x0000000084a00000|100%| O|  |TAMS 0x0000000084a00000, 0x0000000084a00000| Untracked 
|  74|0x0000000084a00000, 0x0000000084b00000, 0x0000000084b00000|100%| O|  |TAMS 0x0000000084b00000, 0x0000000084b00000| Untracked 
|  75|0x0000000084b00000, 0x0000000084c00000, 0x0000000084c00000|100%| O|  |TAMS 0x0000000084c00000, 0x0000000084c00000| Untracked 
|  76|0x0000000084c00000, 0x0000000084d00000, 0x0000000084d00000|100%| O|  |TAMS 0x0000000084d00000, 0x0000000084d00000| Untracked 
|  77|0x0000000084d00000, 0x0000000084e00000, 0x0000000084e00000|100%| O|  |TAMS 0x0000000084e00000, 0x0000000084e00000| Untracked 
|  78|0x0000000084e00000, 0x0000000084f00000, 0x0000000084f00000|100%| O|  |TAMS 0x0000000084f00000, 0x0000000084f00000| Untracked 
|  79|0x0000000084f00000, 0x0000000085000000, 0x0000000085000000|100%| O|  |TAMS 0x0000000085000000, 0x0000000085000000| Untracked 
|  80|0x0000000085000000, 0x0000000085100000, 0x0000000085100000|100%| O|  |TAMS 0x0000000085100000, 0x0000000085100000| Untracked 
|  81|0x0000000085100000, 0x0000000085200000, 0x0000000085200000|100%| O|  |TAMS 0x0000000085200000, 0x0000000085200000| Untracked 
|  82|0x0000000085200000, 0x0000000085300000, 0x0000000085300000|100%| O|  |TAMS 0x0000000085300000, 0x0000000085300000| Untracked 
|  83|0x0000000085300000, 0x0000000085400000, 0x0000000085400000|100%| O|  |TAMS 0x0000000085400000, 0x0000000085400000| Untracked 
|  84|0x0000000085400000, 0x0000000085500000, 0x0000000085500000|100%| O|  |TAMS 0x0000000085500000, 0x0000000085500000| Untracked 
|  85|0x0000000085500000, 0x0000000085600000, 0x0000000085600000|100%| O|  |TAMS 0x0000000085600000, 0x0000000085600000| Untracked 
|  86|0x0000000085600000, 0x0000000085700000, 0x0000000085700000|100%| O|  |TAMS 0x0000000085700000, 0x0000000085700000| Untracked 
|  87|0x0000000085700000, 0x0000000085800000, 0x0000000085800000|100%| O|  |TAMS 0x0000000085800000, 0x0000000085800000| Untracked 
|  88|0x0000000085800000, 0x0000000085900000, 0x0000000085900000|100%| O|  |TAMS 0x0000000085900000, 0x0000000085900000| Untracked 
|  89|0x0000000085900000, 0x0000000085a00000, 0x0000000085a00000|100%| O|  |TAMS 0x0000000085a00000, 0x0000000085a00000| Untracked 
|  90|0x0000000085a00000, 0x0000000085b00000, 0x0000000085b00000|100%| O|  |TAMS 0x0000000085b00000, 0x0000000085b00000| Untracked 
|  91|0x0000000085b00000, 0x0000000085c00000, 0x0000000085c00000|100%| O|  |TAMS 0x0000000085c00000, 0x0000000085c00000| Untracked 
|  92|0x0000000085c00000, 0x0000000085d00000, 0x0000000085d00000|100%| O|  |TAMS 0x0000000085d00000, 0x0000000085d00000| Untracked 
|  93|0x0000000085d00000, 0x0000000085e00000, 0x0000000085e00000|100%| O|  |TAMS 0x0000000085e00000, 0x0000000085e00000| Untracked 
|  94|0x0000000085e00000, 0x0000000085f00000, 0x0000000085f00000|100%| O|  |TAMS 0x0000000085f00000, 0x0000000085f00000| Untracked 
|  95|0x0000000085f00000, 0x0000000086000000, 0x0000000086000000|100%| O|  |TAMS 0x0000000086000000, 0x0000000086000000| Untracked 
|  96|0x0000000086000000, 0x0000000086100000, 0x0000000086100000|100%| O|  |TAMS 0x0000000086100000, 0x0000000086100000| Untracked 
|  97|0x0000000086100000, 0x0000000086200000, 0x0000000086200000|100%| O|  |TAMS 0x0000000086200000, 0x0000000086200000| Untracked 
|  98|0x0000000086200000, 0x0000000086300000, 0x0000000086300000|100%| O|  |TAMS 0x0000000086300000, 0x0000000086300000| Untracked 
|  99|0x0000000086300000, 0x0000000086400000, 0x0000000086400000|100%| O|  |TAMS 0x0000000086300000, 0x0000000086400000| Untracked 
| 100|0x0000000086400000, 0x0000000086500000, 0x0000000086500000|100%| O|  |TAMS 0x0000000086500000, 0x0000000086500000| Untracked 
| 101|0x0000000086500000, 0x0000000086600000, 0x0000000086600000|100%| O|  |TAMS 0x0000000086600000, 0x0000000086600000| Untracked 
| 102|0x0000000086600000, 0x0000000086700000, 0x0000000086700000|100%|HS|  |TAMS 0x0000000086700000, 0x0000000086700000| Complete 
| 103|0x0000000086700000, 0x0000000086800000, 0x0000000086800000|100%| O|  |TAMS 0x0000000086800000, 0x0000000086800000| Untracked 
| 104|0x0000000086800000, 0x0000000086900000, 0x0000000086900000|100%| O|  |TAMS 0x0000000086800000, 0x0000000086900000| Untracked 
| 105|0x0000000086900000, 0x0000000086a00000, 0x0000000086a00000|100%| O|  |TAMS 0x0000000086a00000, 0x0000000086a00000| Untracked 
| 106|0x0000000086a00000, 0x0000000086b00000, 0x0000000086b00000|100%|HS|  |TAMS 0x0000000086b00000, 0x0000000086b00000| Complete 
| 107|0x0000000086b00000, 0x0000000086c00000, 0x0000000086c00000|100%|HC|  |TAMS 0x0000000086c00000, 0x0000000086c00000| Complete 
| 108|0x0000000086c00000, 0x0000000086d00000, 0x0000000086d00000|100%|HS|  |TAMS 0x0000000086d00000, 0x0000000086d00000| Complete 
| 109|0x0000000086d00000, 0x0000000086e00000, 0x0000000086e00000|100%|HC|  |TAMS 0x0000000086e00000, 0x0000000086e00000| Complete 
| 110|0x0000000086e00000, 0x0000000086f00000, 0x0000000086f00000|100%|HC|  |TAMS 0x0000000086f00000, 0x0000000086f00000| Complete 
| 111|0x0000000086f00000, 0x0000000087000000, 0x0000000087000000|100%|HC|  |TAMS 0x0000000087000000, 0x0000000087000000| Complete 
| 112|0x0000000087000000, 0x0000000087100000, 0x0000000087100000|100%|HC|  |TAMS 0x0000000087100000, 0x0000000087100000| Complete 
| 113|0x0000000087100000, 0x0000000087200000, 0x0000000087200000|100%|HC|  |TAMS 0x0000000087200000, 0x0000000087200000| Complete 
| 114|0x0000000087200000, 0x0000000087300000, 0x0000000087300000|100%|HS|  |TAMS 0x0000000087300000, 0x0000000087300000| Complete 
| 115|0x0000000087300000, 0x0000000087400000, 0x0000000087400000|100%|HC|  |TAMS 0x0000000087400000, 0x0000000087400000| Complete 
| 116|0x0000000087400000, 0x0000000087500000, 0x0000000087500000|100%|HC|  |TAMS 0x0000000087500000, 0x0000000087500000| Complete 
| 117|0x0000000087500000, 0x0000000087600000, 0x0000000087600000|100%|HS|  |TAMS 0x0000000087600000, 0x0000000087600000| Complete 
| 118|0x0000000087600000, 0x0000000087700000, 0x0000000087700000|100%|HS|  |TAMS 0x0000000087700000, 0x0000000087700000| Complete 
| 119|0x0000000087700000, 0x0000000087800000, 0x0000000087800000|100%|HS|  |TAMS 0x0000000087800000, 0x0000000087800000| Complete 
| 120|0x0000000087800000, 0x0000000087900000, 0x0000000087900000|100%|HS|  |TAMS 0x0000000087900000, 0x0000000087900000| Complete 
| 121|0x0000000087900000, 0x0000000087a00000, 0x0000000087a00000|100%|HS|  |TAMS 0x0000000087a00000, 0x0000000087a00000| Complete 
| 122|0x0000000087a00000, 0x0000000087b00000, 0x0000000087b00000|100%|HS|  |TAMS 0x0000000087b00000, 0x0000000087b00000| Complete 
| 123|0x0000000087b00000, 0x0000000087c00000, 0x0000000087c00000|100%|HC|  |TAMS 0x0000000087c00000, 0x0000000087c00000| Complete 
| 124|0x0000000087c00000, 0x0000000087d00000, 0x0000000087d00000|100%|HS|  |TAMS 0x0000000087d00000, 0x0000000087d00000| Complete 
| 125|0x0000000087d00000, 0x0000000087e00000, 0x0000000087e00000|100%|HS|  |TAMS 0x0000000087e00000, 0x0000000087e00000| Complete 
| 126|0x0000000087e00000, 0x0000000087f00000, 0x0000000087f00000|100%|HC|  |TAMS 0x0000000087f00000, 0x0000000087f00000| Complete 
| 127|0x0000000087f00000, 0x0000000088000000, 0x0000000088000000|100%|HS|  |TAMS 0x0000000088000000, 0x0000000088000000| Complete 
| 128|0x0000000088000000, 0x0000000088100000, 0x0000000088100000|100%|HC|  |TAMS 0x0000000088100000, 0x0000000088100000| Complete 
| 129|0x0000000088100000, 0x0000000088200000, 0x0000000088200000|100%|HS|  |TAMS 0x0000000088100000, 0x0000000088200000| Complete 
| 130|0x0000000088200000, 0x0000000088300000, 0x0000000088300000|100%| O|  |TAMS 0x0000000088300000, 0x0000000088300000| Untracked 
| 131|0x0000000088300000, 0x0000000088400000, 0x0000000088400000|100%| O|  |TAMS 0x0000000088300000, 0x0000000088400000| Untracked 
| 132|0x0000000088400000, 0x0000000088500000, 0x0000000088500000|100%|HS|  |TAMS 0x0000000088500000, 0x0000000088500000| Complete 
| 133|0x0000000088500000, 0x0000000088600000, 0x0000000088600000|100%|HC|  |TAMS 0x0000000088600000, 0x0000000088600000| Complete 
| 134|0x0000000088600000, 0x0000000088700000, 0x0000000088700000|100%|HC|  |TAMS 0x0000000088700000, 0x0000000088700000| Complete 
| 135|0x0000000088700000, 0x0000000088800000, 0x0000000088800000|100%| O|  |TAMS 0x0000000088700000, 0x0000000088800000| Untracked 
| 136|0x0000000088800000, 0x0000000088900000, 0x0000000088900000|100%| O|  |TAMS 0x0000000088800000, 0x0000000088900000| Untracked 
| 137|0x0000000088900000, 0x0000000088a00000, 0x0000000088a00000|100%| O|  |TAMS 0x0000000088900000, 0x0000000088a00000| Untracked 
| 138|0x0000000088a00000, 0x0000000088b00000, 0x0000000088b00000|100%|HS|  |TAMS 0x0000000088b00000, 0x0000000088b00000| Complete 
| 139|0x0000000088b00000, 0x0000000088c00000, 0x0000000088c00000|100%|HC|  |TAMS 0x0000000088c00000, 0x0000000088c00000| Complete 
| 140|0x0000000088c00000, 0x0000000088d00000, 0x0000000088d00000|100%|HC|  |TAMS 0x0000000088d00000, 0x0000000088d00000| Complete 
| 141|0x0000000088d00000, 0x0000000088e00000, 0x0000000088e00000|100%| O|  |TAMS 0x0000000088e00000, 0x0000000088e00000| Untracked 
| 142|0x0000000088e00000, 0x0000000088f00000, 0x0000000088f00000|100%| O|  |TAMS 0x0000000088f00000, 0x0000000088f00000| Untracked 
| 143|0x0000000088f00000, 0x0000000089000000, 0x0000000089000000|100%| O|  |TAMS 0x0000000089000000, 0x0000000089000000| Untracked 
| 144|0x0000000089000000, 0x0000000089100000, 0x0000000089100000|100%| O|  |TAMS 0x0000000089100000, 0x0000000089100000| Untracked 
| 145|0x0000000089100000, 0x0000000089200000, 0x0000000089200000|100%| O|  |TAMS 0x0000000089200000, 0x0000000089200000| Untracked 
| 146|0x0000000089200000, 0x0000000089300000, 0x0000000089300000|100%| O|  |TAMS 0x0000000089300000, 0x0000000089300000| Untracked 
| 147|0x0000000089300000, 0x0000000089400000, 0x0000000089400000|100%| O|  |TAMS 0x0000000089400000, 0x0000000089400000| Untracked 
| 148|0x0000000089400000, 0x0000000089500000, 0x0000000089500000|100%| O|  |TAMS 0x0000000089500000, 0x0000000089500000| Untracked 
| 149|0x0000000089500000, 0x0000000089600000, 0x0000000089600000|100%| O|  |TAMS 0x0000000089600000, 0x0000000089600000| Untracked 
| 150|0x0000000089600000, 0x0000000089700000, 0x0000000089700000|100%| O|  |TAMS 0x000000008964fc00, 0x0000000089700000| Untracked 
| 151|0x0000000089700000, 0x0000000089800000, 0x0000000089800000|100%| O|  |TAMS 0x0000000089700000, 0x0000000089800000| Untracked 
| 152|0x0000000089800000, 0x0000000089900000, 0x0000000089900000|100%| O|  |TAMS 0x0000000089800000, 0x0000000089900000| Untracked 
| 153|0x0000000089900000, 0x0000000089a00000, 0x0000000089a00000|100%|HS|  |TAMS 0x0000000089a00000, 0x0000000089a00000| Complete 
| 154|0x0000000089a00000, 0x0000000089b00000, 0x0000000089b00000|100%|HC|  |TAMS 0x0000000089b00000, 0x0000000089b00000| Complete 
| 155|0x0000000089b00000, 0x0000000089c00000, 0x0000000089c00000|100%|HS|  |TAMS 0x0000000089b00000, 0x0000000089c00000| Complete 
| 156|0x0000000089c00000, 0x0000000089d00000, 0x0000000089d00000|100%|HC|  |TAMS 0x0000000089c00000, 0x0000000089d00000| Complete 
| 157|0x0000000089d00000, 0x0000000089e00000, 0x0000000089e00000|100%| O|  |TAMS 0x0000000089d00000, 0x0000000089e00000| Untracked 
| 158|0x0000000089e00000, 0x0000000089f00000, 0x0000000089f00000|100%| O|  |TAMS 0x0000000089e00000, 0x0000000089f00000| Untracked 
| 159|0x0000000089f00000, 0x000000008a000000, 0x000000008a000000|100%|HS|  |TAMS 0x0000000089f00000, 0x000000008a000000| Complete 
| 160|0x000000008a000000, 0x000000008a100000, 0x000000008a100000|100%|HC|  |TAMS 0x000000008a000000, 0x000000008a100000| Complete 
| 161|0x000000008a100000, 0x000000008a200000, 0x000000008a200000|100%|HS|  |TAMS 0x000000008a200000, 0x000000008a200000| Complete 
| 162|0x000000008a200000, 0x000000008a300000, 0x000000008a300000|100%|HC|  |TAMS 0x000000008a300000, 0x000000008a300000| Complete 
| 163|0x000000008a300000, 0x000000008a400000, 0x000000008a400000|100%|HC|  |TAMS 0x000000008a400000, 0x000000008a400000| Complete 
| 164|0x000000008a400000, 0x000000008a500000, 0x000000008a500000|100%|HC|  |TAMS 0x000000008a500000, 0x000000008a500000| Complete 
| 165|0x000000008a500000, 0x000000008a600000, 0x000000008a600000|100%|HC|  |TAMS 0x000000008a600000, 0x000000008a600000| Complete 
| 166|0x000000008a600000, 0x000000008a700000, 0x000000008a700000|100%|HC|  |TAMS 0x000000008a700000, 0x000000008a700000| Complete 
| 167|0x000000008a700000, 0x000000008a800000, 0x000000008a800000|100%|HS|  |TAMS 0x000000008a700000, 0x000000008a800000| Complete 
| 168|0x000000008a800000, 0x000000008a900000, 0x000000008a900000|100%| O|  |TAMS 0x000000008a800000, 0x000000008a900000| Untracked 
| 169|0x000000008a900000, 0x000000008aa00000, 0x000000008aa00000|100%| O|  |TAMS 0x000000008a900000, 0x000000008aa00000| Untracked 
| 170|0x000000008aa00000, 0x000000008ab00000, 0x000000008ab00000|100%|HS|  |TAMS 0x000000008ab00000, 0x000000008ab00000| Complete 
| 171|0x000000008ab00000, 0x000000008ac00000, 0x000000008ac00000|100%|HC|  |TAMS 0x000000008ac00000, 0x000000008ac00000| Complete 
| 172|0x000000008ac00000, 0x000000008ad00000, 0x000000008ad00000|100%|HC|  |TAMS 0x000000008ad00000, 0x000000008ad00000| Complete 
| 173|0x000000008ad00000, 0x000000008ae00000, 0x000000008ae00000|100%|HS|  |TAMS 0x000000008ae00000, 0x000000008ae00000| Complete 
| 174|0x000000008ae00000, 0x000000008af00000, 0x000000008af00000|100%| O|  |TAMS 0x000000008ae00000, 0x000000008af00000| Untracked 
| 175|0x000000008af00000, 0x000000008b000000, 0x000000008b000000|100%|HS|  |TAMS 0x000000008b000000, 0x000000008b000000| Complete 
| 176|0x000000008b000000, 0x000000008b100000, 0x000000008b100000|100%| O|  |TAMS 0x000000008b000000, 0x000000008b100000| Untracked 
| 177|0x000000008b100000, 0x000000008b200000, 0x000000008b200000|100%|HS|  |TAMS 0x000000008b200000, 0x000000008b200000| Complete 
| 178|0x000000008b200000, 0x000000008b300000, 0x000000008b300000|100%| O|  |TAMS 0x000000008b200000, 0x000000008b300000| Untracked 
| 179|0x000000008b300000, 0x000000008b400000, 0x000000008b400000|100%|HS|  |TAMS 0x000000008b400000, 0x000000008b400000| Complete 
| 180|0x000000008b400000, 0x000000008b500000, 0x000000008b500000|100%|HS|  |TAMS 0x000000008b400000, 0x000000008b500000| Complete 
| 181|0x000000008b500000, 0x000000008b600000, 0x000000008b600000|100%|HC|  |TAMS 0x000000008b500000, 0x000000008b600000| Complete 
| 182|0x000000008b600000, 0x000000008b700000, 0x000000008b700000|100%| O|  |TAMS 0x000000008b600000, 0x000000008b700000| Untracked 
| 183|0x000000008b700000, 0x000000008b800000, 0x000000008b800000|100%| O|  |TAMS 0x000000008b700000, 0x000000008b800000| Untracked 
| 184|0x000000008b800000, 0x000000008b900000, 0x000000008b900000|100%| O|  |TAMS 0x000000008b800000, 0x000000008b900000| Untracked 
| 185|0x000000008b900000, 0x000000008ba00000, 0x000000008ba00000|100%|HS|  |TAMS 0x000000008b900000, 0x000000008ba00000| Complete 
| 186|0x000000008ba00000, 0x000000008bb00000, 0x000000008bb00000|100%|HC|  |TAMS 0x000000008ba00000, 0x000000008bb00000| Complete 
| 187|0x000000008bb00000, 0x000000008bc00000, 0x000000008bc00000|100%|HC|  |TAMS 0x000000008bb00000, 0x000000008bc00000| Complete 
| 188|0x000000008bc00000, 0x000000008bd00000, 0x000000008bd00000|100%| O|  |TAMS 0x000000008bc00000, 0x000000008bd00000| Untracked 
| 189|0x000000008bd00000, 0x000000008be00000, 0x000000008be00000|100%| O|  |TAMS 0x000000008bd00000, 0x000000008be00000| Untracked 
| 190|0x000000008be00000, 0x000000008bf00000, 0x000000008bf00000|100%| O|  |TAMS 0x000000008be00000, 0x000000008bf00000| Untracked 
| 191|0x000000008bf00000, 0x000000008c000000, 0x000000008c000000|100%| O|  |TAMS 0x000000008bf00000, 0x000000008c000000| Untracked 
| 192|0x000000008c000000, 0x000000008c100000, 0x000000008c100000|100%| O|  |TAMS 0x000000008c000000, 0x000000008c100000| Untracked 
| 193|0x000000008c100000, 0x000000008c200000, 0x000000008c200000|100%| O|  |TAMS 0x000000008c100000, 0x000000008c200000| Untracked 
| 194|0x000000008c200000, 0x000000008c300000, 0x000000008c300000|100%|HS|  |TAMS 0x000000008c200000, 0x000000008c300000| Complete 
| 195|0x000000008c300000, 0x000000008c400000, 0x000000008c400000|100%|HC|  |TAMS 0x000000008c300000, 0x000000008c400000| Complete 
| 196|0x000000008c400000, 0x000000008c500000, 0x000000008c500000|100%| O|  |TAMS 0x000000008c400000, 0x000000008c500000| Untracked 
| 197|0x000000008c500000, 0x000000008c600000, 0x000000008c600000|100%| O|  |TAMS 0x000000008c500000, 0x000000008c600000| Untracked 
| 198|0x000000008c600000, 0x000000008c700000, 0x000000008c700000|100%| O|  |TAMS 0x000000008c600000, 0x000000008c700000| Untracked 
| 199|0x000000008c700000, 0x000000008c800000, 0x000000008c800000|100%| O|  |TAMS 0x000000008c700000, 0x000000008c800000| Untracked 
| 200|0x000000008c800000, 0x000000008c900000, 0x000000008c900000|100%| O|  |TAMS 0x000000008c800000, 0x000000008c900000| Untracked 
| 201|0x000000008c900000, 0x000000008ca00000, 0x000000008ca00000|100%| O|  |TAMS 0x000000008c900000, 0x000000008ca00000| Untracked 
| 202|0x000000008ca00000, 0x000000008cb00000, 0x000000008cb00000|100%| O|  |TAMS 0x000000008ca00000, 0x000000008cb00000| Untracked 
| 203|0x000000008cb00000, 0x000000008cc00000, 0x000000008cc00000|100%| O|  |TAMS 0x000000008cb00000, 0x000000008cc00000| Untracked 
| 204|0x000000008cc00000, 0x000000008cd00000, 0x000000008cd00000|100%| O|  |TAMS 0x000000008cc00000, 0x000000008cd00000| Untracked 
| 205|0x000000008cd00000, 0x000000008ce00000, 0x000000008ce00000|100%| O|  |TAMS 0x000000008cd00000, 0x000000008ce00000| Untracked 
| 206|0x000000008ce00000, 0x000000008cf00000, 0x000000008cf00000|100%| O|  |TAMS 0x000000008ce00000, 0x000000008ce6ec00| Untracked 
| 207|0x000000008cf00000, 0x000000008d000000, 0x000000008d000000|100%|HS|  |TAMS 0x000000008cf00000, 0x000000008cf00000| Complete 
| 208|0x000000008d000000, 0x000000008d100000, 0x000000008d100000|100%| O|  |TAMS 0x000000008d000000, 0x000000008d000000| Untracked 
| 209|0x000000008d100000, 0x000000008d200000, 0x000000008d200000|100%| O|  |TAMS 0x000000008d100000, 0x000000008d100000| Untracked 
| 210|0x000000008d200000, 0x000000008d300000, 0x000000008d300000|100%| O|  |TAMS 0x000000008d200000, 0x000000008d200000| Untracked 
| 211|0x000000008d300000, 0x000000008d400000, 0x000000008d400000|100%| O|  |TAMS 0x000000008d300000, 0x000000008d300000| Untracked 
| 212|0x000000008d400000, 0x000000008d500000, 0x000000008d500000|100%| O|  |TAMS 0x000000008d400000, 0x000000008d400000| Untracked 
| 213|0x000000008d500000, 0x000000008d600000, 0x000000008d600000|100%| O|  |TAMS 0x000000008d500000, 0x000000008d500000| Untracked 
| 214|0x000000008d600000, 0x000000008d700000, 0x000000008d700000|100%| O|  |TAMS 0x000000008d600000, 0x000000008d600000| Untracked 
| 215|0x000000008d700000, 0x000000008d800000, 0x000000008d800000|100%| O|  |TAMS 0x000000008d700000, 0x000000008d700000| Untracked 
| 216|0x000000008d800000, 0x000000008d900000, 0x000000008d900000|100%| O|  |TAMS 0x000000008d800000, 0x000000008d800000| Untracked 
| 217|0x000000008d900000, 0x000000008d900000, 0x000000008da00000|  0%| F|  |TAMS 0x000000008d900000, 0x000000008d900000| Untracked 
| 218|0x000000008da00000, 0x000000008da00000, 0x000000008db00000|  0%| F|  |TAMS 0x000000008da00000, 0x000000008da00000| Untracked 
| 219|0x000000008db00000, 0x000000008dc00000, 0x000000008dc00000|100%| O|  |TAMS 0x000000008db00000, 0x000000008db00000| Untracked 
| 220|0x000000008dc00000, 0x000000008dd00000, 0x000000008dd00000|100%| S|CS|TAMS 0x000000008dc00000, 0x000000008dc00000| Complete 
| 221|0x000000008dd00000, 0x000000008dd00000, 0x000000008de00000|  0%| F|  |TAMS 0x000000008dd00000, 0x000000008dd00000| Untracked 
| 222|0x000000008de00000, 0x000000008df00000, 0x000000008df00000|100%| O|  |TAMS 0x000000008df00000, 0x000000008df00000| Untracked 
| 223|0x000000008df00000, 0x000000008df00000, 0x000000008e000000|  0%| F|  |TAMS 0x000000008df00000, 0x000000008df00000| Untracked 
| 224|0x000000008e000000, 0x000000008e000000, 0x000000008e100000|  0%| F|  |TAMS 0x000000008e000000, 0x000000008e000000| Untracked 
| 225|0x000000008e100000, 0x000000008e100000, 0x000000008e200000|  0%| F|  |TAMS 0x000000008e100000, 0x000000008e100000| Untracked 
| 226|0x000000008e200000, 0x000000008e300000, 0x000000008e300000|100%| O|  |TAMS 0x000000008e300000, 0x000000008e300000| Untracked 
| 227|0x000000008e300000, 0x000000008e300000, 0x000000008e400000|  0%| F|  |TAMS 0x000000008e300000, 0x000000008e300000| Untracked 
| 228|0x000000008e400000, 0x000000008e400000, 0x000000008e500000|  0%| F|  |TAMS 0x000000008e400000, 0x000000008e400000| Untracked 
| 229|0x000000008e500000, 0x000000008e500000, 0x000000008e600000|  0%| F|  |TAMS 0x000000008e500000, 0x000000008e500000| Untracked 
| 230|0x000000008e600000, 0x000000008e600000, 0x000000008e700000|  0%| F|  |TAMS 0x000000008e600000, 0x000000008e600000| Untracked 
| 231|0x000000008e700000, 0x000000008e700000, 0x000000008e800000|  0%| F|  |TAMS 0x000000008e700000, 0x000000008e700000| Untracked 
| 232|0x000000008e800000, 0x000000008e800000, 0x000000008e900000|  0%| F|  |TAMS 0x000000008e800000, 0x000000008e800000| Untracked 
| 233|0x000000008e900000, 0x000000008ea00000, 0x000000008ea00000|100%| O|  |TAMS 0x000000008ea00000, 0x000000008ea00000| Untracked 
| 234|0x000000008ea00000, 0x000000008eb00000, 0x000000008eb00000|100%| O|  |TAMS 0x000000008eb00000, 0x000000008eb00000| Untracked 
| 235|0x000000008eb00000, 0x000000008ec00000, 0x000000008ec00000|100%| O|  |TAMS 0x000000008ec00000, 0x000000008ec00000| Untracked 
| 236|0x000000008ec00000, 0x000000008ed00000, 0x000000008ed00000|100%| O|  |TAMS 0x000000008ed00000, 0x000000008ed00000| Untracked 
| 237|0x000000008ed00000, 0x000000008ee00000, 0x000000008ee00000|100%| O|  |TAMS 0x000000008ee00000, 0x000000008ee00000| Untracked 
| 238|0x000000008ee00000, 0x000000008ef00000, 0x000000008ef00000|100%| O|  |TAMS 0x000000008ef00000, 0x000000008ef00000| Untracked 
| 239|0x000000008ef00000, 0x000000008f000000, 0x000000008f000000|100%| O|  |TAMS 0x000000008f000000, 0x000000008f000000| Untracked 
| 240|0x000000008f000000, 0x000000008f100000, 0x000000008f100000|100%| O|  |TAMS 0x000000008f100000, 0x000000008f100000| Untracked 
| 241|0x000000008f100000, 0x000000008f200000, 0x000000008f200000|100%| O|  |TAMS 0x000000008f200000, 0x000000008f200000| Untracked 
| 242|0x000000008f200000, 0x000000008f300000, 0x000000008f300000|100%| O|  |TAMS 0x000000008f300000, 0x000000008f300000| Untracked 
| 243|0x000000008f300000, 0x000000008f400000, 0x000000008f400000|100%| O|  |TAMS 0x000000008f300000, 0x000000008f300000| Untracked 
| 244|0x000000008f400000, 0x000000008f500000, 0x000000008f500000|100%| O|  |TAMS 0x000000008f400000, 0x000000008f400000| Untracked 
| 245|0x000000008f500000, 0x000000008f600000, 0x000000008f600000|100%| S|CS|TAMS 0x000000008f500000, 0x000000008f500000| Complete 
| 246|0x000000008f600000, 0x000000008f700000, 0x000000008f700000|100%| O|  |TAMS 0x000000008f600000, 0x000000008f600000| Untracked 
| 247|0x000000008f700000, 0x000000008f800000, 0x000000008f800000|100%| O|  |TAMS 0x000000008f700000, 0x000000008f700000| Untracked 

Card table byte_map: [0x000001a2a1090000,0x000001a2a1490000] _byte_map_base: 0x000001a2a0c90000

Marking Bits (Prev, Next): (CMBitMap*) 0x000001a28e21fcd0, (CMBitMap*) 0x000001a28e21fc98
 Prev Bits: [0x000001a2a3890000, 0x000001a2a5890000)
 Next Bits: [0x000001a2a1890000, 0x000001a2a3890000)

Polling page: 0x000001a28c180000

Metaspace:

Usage:
  Non-class:     92.66 MB capacity,    91.17 MB ( 98%) used,     1.21 MB (  1%) free+waste,   278.94 KB ( <1%) overhead. 
      Class:     13.58 MB capacity,    12.73 MB ( 94%) used,   746.07 KB (  5%) free+waste,   120.44 KB ( <1%) overhead. 
       Both:    106.24 MB capacity,   103.91 MB ( 98%) used,     1.94 MB (  2%) free+waste,   399.38 KB ( <1%) overhead. 

Virtual space:
  Non-class space:       94.00 MB reserved,      92.70 MB ( 99%) committed 
      Class space:        1.00 GB reserved,      13.63 MB (  1%) committed 
             Both:        1.09 GB reserved,     106.32 MB ( 10%) committed 

Chunk freelists:
   Non-Class:  42.00 KB
       Class:  14.00 KB
        Both:  56.00 KB

MaxMetaspaceSize: 17179869184.00 GB
CompressedClassSpaceSize: 1.00 GB

CodeHeap 'non-profiled nmethods': size=120064Kb used=14186Kb max_used=14186Kb free=105877Kb
 bounds [0x000001a299750000, 0x000001a29a530000, 0x000001a2a0c90000]
CodeHeap 'profiled nmethods': size=120000Kb used=37449Kb max_used=37449Kb free=82550Kb
 bounds [0x000001a292220000, 0x000001a2946d0000, 0x000001a299750000]
CodeHeap 'non-nmethods': size=5696Kb used=2323Kb max_used=2369Kb free=3372Kb
 bounds [0x000001a291c90000, 0x000001a291f00000, 0x000001a292220000]
 total_blobs=17482 nmethods=16547 adapters=846
 compilation: enabled
              stopped_count=0, restarted_count=0
 full_count=0

Compilation events (20 events):
Event: 126.882 Thread 0x000001a2a937f800 nmethod 18381 0x000001a29a521010 code [0x000001a29a5211c0, 0x000001a29a521c98]
Event: 126.882 Thread 0x000001a2a937f800 18384       4       com.android.tools.r8.graph.Q0::g (62 bytes)
Event: 126.882 Thread 0x000001a2a7dc6000 18390       3       org.gradle.util.internal.DeferredUtil::unpackNestableDeferred (37 bytes)
Event: 126.883 Thread 0x000001a2a7dc6000 nmethod 18390 0x000001a2946ca110 code [0x000001a2946ca360, 0x000001a2946caee8]
Event: 126.883 Thread 0x000001a2a7dc6000 18391       3       org.gradle.api.internal.file.collections.DefaultConfigurableFileCollection::from (42 bytes)
Event: 126.884 Thread 0x000001a2a7dc6000 nmethod 18391 0x000001a2946cb190 code [0x000001a2946cb360, 0x000001a2946cb618]
Event: 126.894 Thread 0x000001a2a937f800 nmethod 18384 0x000001a29a521f10 code [0x000001a29a522100, 0x000001a29a5227f8]
Event: 126.894 Thread 0x000001a2a937f800 18387       4       com.android.tools.r8.internal.y31::hasNext (20 bytes)
Event: 126.895 Thread 0x000001a2a937f800 nmethod 18387 0x000001a29a522d90 code [0x000001a29a522f20, 0x000001a29a522fb8]
Event: 126.895 Thread 0x000001a2a937f800 18382       4       com.android.tools.r8.internal.A31::a (125 bytes)
Event: 126.928 Thread 0x000001a2a937f800 nmethod 18382 0x000001a29a523090 code [0x000001a29a523220, 0x000001a29a523ab8]
Event: 126.928 Thread 0x000001a2a937f800 18393       4       com.android.tools.r8.graph.V0::g (62 bytes)
Event: 126.938 Thread 0x000001a2a937f800 nmethod 18393 0x000001a29a523c10 code [0x000001a29a523dc0, 0x000001a29a524398]
Event: 126.938 Thread 0x000001a2a937f800 18392       4       com.android.tools.r8.graph.a1::equals (37 bytes)
Event: 126.943 Thread 0x000001a2a937f800 nmethod 18392 0x000001a29a524790 code [0x000001a29a524940, 0x000001a29a524c38]
Event: 126.943 Thread 0x000001a2a937f800 18394       4       com.android.tools.r8.internal.y31::l (60 bytes)
Event: 126.947 Thread 0x000001a2a937f800 nmethod 18394 0x000001a29a524e90 code [0x000001a29a525020, 0x000001a29a525278]
Event: 126.947 Thread 0x000001a2a937f800 18395       4       com.android.tools.r8.internal.XG0::a (42 bytes)
Event: 126.995 Thread 0x000001a2a7dc4000 nmethod 18357 0x000001a29a525390 code [0x000001a29a525960, 0x000001a29a52aa98]
Event: 126.995 Thread 0x000001a2a7dc4000 18399       4       com.android.tools.r8.graph.Y0::a (258 bytes)

GC Heap History (20 events):
Event: 125.611 GC heap after
{Heap after GC invocations=79 (full 0):
 garbage-first heap   total 248832K, used 183184K [0x0000000080000000, 0x0000000100000000)
  region size 1024K, 4 young (4096K), 4 survivors (4096K)
 Metaspace       used 105718K, capacity 108087K, committed 108364K, reserved 1144832K
  class space    used 12969K, capacity 13831K, committed 13952K, reserved 1048576K
}
Event: 125.800 GC heap before
{Heap before GC invocations=79 (full 0):
 garbage-first heap   total 248832K, used 233360K [0x0000000080000000, 0x0000000100000000)
  region size 1024K, 34 young (34816K), 4 survivors (4096K)
 Metaspace       used 105831K, capacity 108248K, committed 108364K, reserved 1144832K
  class space    used 12983K, capacity 13863K, committed 13952K, reserved 1048576K
}
Event: 125.806 GC heap after
{Heap after GC invocations=80 (full 0):
 garbage-first heap   total 248832K, used 203407K [0x0000000080000000, 0x0000000100000000)
  region size 1024K, 5 young (5120K), 5 survivors (5120K)
 Metaspace       used 105831K, capacity 108248K, committed 108364K, reserved 1144832K
  class space    used 12983K, capacity 13863K, committed 13952K, reserved 1048576K
}
Event: 126.082 GC heap before
{Heap before GC invocations=80 (full 0):
 garbage-first heap   total 248832K, used 213647K [0x0000000080000000, 0x0000000100000000)
  region size 1024K, 18 young (18432K), 5 survivors (5120K)
 Metaspace       used 105966K, capacity 108387K, committed 108620K, reserved 1144832K
  class space    used 12992K, capacity 13866K, committed 13952K, reserved 1048576K
}
Event: 126.095 GC heap after
{Heap after GC invocations=81 (full 0):
 garbage-first heap   total 248832K, used 205966K [0x0000000080000000, 0x0000000100000000)
  region size 1024K, 3 young (3072K), 3 survivors (3072K)
 Metaspace       used 105966K, capacity 108387K, committed 108620K, reserved 1144832K
  class space    used 12992K, capacity 13866K, committed 13952K, reserved 1048576K
}
Event: 126.230 GC heap before
{Heap before GC invocations=81 (full 0):
 garbage-first heap   total 248832K, used 216206K [0x0000000080000000, 0x0000000100000000)
  region size 1024K, 12 young (12288K), 3 survivors (3072K)
 Metaspace       used 105966K, capacity 108387K, committed 108620K, reserved 1144832K
  class space    used 12992K, capacity 13866K, committed 13952K, reserved 1048576K
}
Event: 126.262 GC heap after
{Heap after GC invocations=82 (full 0):
 garbage-first heap   total 248832K, used 212542K [0x0000000080000000, 0x0000000100000000)
  region size 1024K, 2 young (2048K), 2 survivors (2048K)
 Metaspace       used 105966K, capacity 108387K, committed 108620K, reserved 1144832K
  class space    used 12992K, capacity 13866K, committed 13952K, reserved 1048576K
}
Event: 126.343 GC heap before
{Heap before GC invocations=83 (full 0):
 garbage-first heap   total 248832K, used 224830K [0x0000000080000000, 0x0000000100000000)
  region size 1024K, 12 young (12288K), 2 survivors (2048K)
 Metaspace       used 105966K, capacity 108387K, committed 108620K, reserved 1144832K
  class space    used 12992K, capacity 13866K, committed 13952K, reserved 1048576K
}
Event: 126.374 GC heap after
{Heap after GC invocations=84 (full 0):
 garbage-first heap   total 248832K, used 220392K [0x0000000080000000, 0x0000000100000000)
  region size 1024K, 2 young (2048K), 2 survivors (2048K)
 Metaspace       used 105966K, capacity 108387K, committed 108620K, reserved 1144832K
  class space    used 12992K, capacity 13866K, committed 13952K, reserved 1048576K
}
Event: 126.435 GC heap before
{Heap before GC invocations=84 (full 0):
 garbage-first heap   total 248832K, used 229608K [0x0000000080000000, 0x0000000100000000)
  region size 1024K, 12 young (12288K), 2 survivors (2048K)
 Metaspace       used 105998K, capacity 108393K, committed 108620K, reserved 1144832K
  class space    used 12997K, capacity 13867K, committed 13952K, reserved 1048576K
}
Event: 126.460 GC heap after
{Heap after GC invocations=85 (full 0):
 garbage-first heap   total 248832K, used 223181K [0x0000000080000000, 0x0000000100000000)
  region size 1024K, 2 young (2048K), 2 survivors (2048K)
 Metaspace       used 105998K, capacity 108393K, committed 108620K, reserved 1144832K
  class space    used 12997K, capacity 13867K, committed 13952K, reserved 1048576K
}
Event: 126.473 GC heap before
{Heap before GC invocations=85 (full 0):
 garbage-first heap   total 248832K, used 225229K [0x0000000080000000, 0x0000000100000000)
  region size 1024K, 5 young (5120K), 2 survivors (2048K)
 Metaspace       used 106021K, capacity 108429K, committed 108620K, reserved 1144832K
  class space    used 13000K, capacity 13873K, committed 13952K, reserved 1048576K
}
Event: 126.485 GC heap after
{Heap after GC invocations=86 (full 0):
 garbage-first heap   total 248832K, used 224499K [0x0000000080000000, 0x0000000100000000)
  region size 1024K, 1 young (1024K), 1 survivors (1024K)
 Metaspace       used 106021K, capacity 108429K, committed 108620K, reserved 1144832K
  class space    used 13000K, capacity 13873K, committed 13952K, reserved 1048576K
}
Event: 126.632 GC heap before
{Heap before GC invocations=86 (full 0):
 garbage-first heap   total 248832K, used 236787K [0x0000000080000000, 0x0000000100000000)
  region size 1024K, 12 young (12288K), 1 survivors (1024K)
 Metaspace       used 106242K, capacity 108628K, committed 108876K, reserved 1144832K
  class space    used 13018K, capacity 13874K, committed 13952K, reserved 1048576K
}
Event: 126.647 GC heap after
{Heap after GC invocations=87 (full 0):
 garbage-first heap   total 248832K, used 229264K [0x0000000080000000, 0x0000000100000000)
  region size 1024K, 2 young (2048K), 2 survivors (2048K)
 Metaspace       used 106242K, capacity 108628K, committed 108876K, reserved 1144832K
  class space    used 13018K, capacity 13874K, committed 13952K, reserved 1048576K
}
Event: 126.775 GC heap before
{Heap before GC invocations=87 (full 0):
 garbage-first heap   total 248832K, used 238480K [0x0000000080000000, 0x0000000100000000)
  region size 1024K, 12 young (12288K), 2 survivors (2048K)
 Metaspace       used 106396K, capacity 108788K, committed 108876K, reserved 1144832K
  class space    used 13039K, capacity 13906K, committed 13952K, reserved 1048576K
}
Event: 126.795 GC heap after
{Heap after GC invocations=88 (full 0):
 garbage-first heap   total 248832K, used 233587K [0x0000000080000000, 0x0000000100000000)
  region size 1024K, 2 young (2048K), 2 survivors (2048K)
 Metaspace       used 106396K, capacity 108788K, committed 108876K, reserved 1144832K
  class space    used 13039K, capacity 13906K, committed 13952K, reserved 1048576K
}
Event: 126.898 GC heap before
{Heap before GC invocations=88 (full 0):
 garbage-first heap   total 248832K, used 243827K [0x0000000080000000, 0x0000000100000000)
  region size 1024K, 12 young (12288K), 2 survivors (2048K)
 Metaspace       used 106399K, capacity 108788K, committed 108876K, reserved 1144832K
  class space    used 13039K, capacity 13906K, committed 13952K, reserved 1048576K
}
Event: 126.916 GC heap after
{Heap after GC invocations=89 (full 0):
 garbage-first heap   total 250880K, used 237743K [0x0000000080000000, 0x0000000100000000)
  region size 1024K, 2 young (2048K), 2 survivors (2048K)
 Metaspace       used 106399K, capacity 108788K, committed 108876K, reserved 1144832K
  class space    used 13039K, capacity 13906K, committed 13952K, reserved 1048576K
}
Event: 126.997 GC heap before
{Heap before GC invocations=89 (full 0):
 garbage-first heap   total 250880K, used 247983K [0x0000000080000000, 0x0000000100000000)
  region size 1024K, 12 young (12288K), 2 survivors (2048K)
 Metaspace       used 106399K, capacity 108788K, committed 108876K, reserved 1144832K
  class space    used 13039K, capacity 13906K, committed 13952K, reserved 1048576K
}

Deoptimization events (20 events):
Event: 126.870 Thread 0x000001a2afc9e800 DEOPT PACKING pc=0x000001a2946c3c8e sp=0x0000000346ffd220
Event: 126.870 Thread 0x000001a2afc9e800 DEOPT UNPACKING pc=0x000001a291cb764e sp=0x0000000346ffc698 mode 0
Event: 126.871 Thread 0x000001a2afc9e800 Uncommon trap: trap_request=0xffffff4d fr.pc=0x000001a29a4ef29c relative=0x00000000000012bc
Event: 126.872 Thread 0x000001a2afc9e800 Uncommon trap: reason=unstable_if action=reinterpret pc=0x000001a29a4ef29c method=java.util.concurrent.ConcurrentHashMap.transfer([Ljava/util/concurrent/ConcurrentHashMap$Node;[Ljava/util/concurrent/ConcurrentHashMap$Node;)V @ 352 c2
Event: 126.872 Thread 0x000001a2afc9e800 DEOPT PACKING pc=0x000001a29a4ef29c sp=0x0000000346ffd1d0
Event: 126.872 Thread 0x000001a2afc9e800 DEOPT UNPACKING pc=0x000001a291cb782f sp=0x0000000346ffd178 mode 2
Event: 126.890 Thread 0x000001a2afc9e800 DEOPT PACKING pc=0x000001a2946c3c8e sp=0x0000000346ffd220
Event: 126.890 Thread 0x000001a2afc9e800 DEOPT UNPACKING pc=0x000001a291cb764e sp=0x0000000346ffc698 mode 0
Event: 126.922 Thread 0x000001a2afc9e800 DEOPT PACKING pc=0x000001a2946c3c8e sp=0x0000000346ffd220
Event: 126.922 Thread 0x000001a2afc9e800 DEOPT UNPACKING pc=0x000001a291cb764e sp=0x0000000346ffc698 mode 0
Event: 126.935 Thread 0x000001a2afc9e800 DEOPT PACKING pc=0x000001a2946c3c8e sp=0x0000000346ffd220
Event: 126.935 Thread 0x000001a2afc9e800 DEOPT UNPACKING pc=0x000001a291cb764e sp=0x0000000346ffc698 mode 0
Event: 126.943 Thread 0x000001a2afc9e800 DEOPT PACKING pc=0x000001a2946c3c8e sp=0x0000000346ffd220
Event: 126.943 Thread 0x000001a2afc9e800 DEOPT UNPACKING pc=0x000001a291cb764e sp=0x0000000346ffc698 mode 0
Event: 126.955 Thread 0x000001a2afc9e800 DEOPT PACKING pc=0x000001a2946c3c8e sp=0x0000000346ffd220
Event: 126.955 Thread 0x000001a2afc9e800 DEOPT UNPACKING pc=0x000001a291cb764e sp=0x0000000346ffc698 mode 0
Event: 126.960 Thread 0x000001a2afc9e800 DEOPT PACKING pc=0x000001a2946c3c8e sp=0x0000000346ffd220
Event: 126.960 Thread 0x000001a2afc9e800 DEOPT UNPACKING pc=0x000001a291cb764e sp=0x0000000346ffc698 mode 0
Event: 126.985 Thread 0x000001a2afc9e800 DEOPT PACKING pc=0x000001a2946c3c8e sp=0x0000000346ffd220
Event: 126.985 Thread 0x000001a2afc9e800 DEOPT UNPACKING pc=0x000001a291cb764e sp=0x0000000346ffc698 mode 0

Classes redefined (0 events):
No events

Internal exceptions (20 events):
Event: 114.346 Thread 0x000001a2afca5000 Exception <a 'sun/nio/fs/WindowsException'{0x000000008ace6bf8}> (0x000000008ace6bf8) thrown at [./src/hotspot/share/prims/jni.cpp, line 615]
Event: 114.347 Thread 0x000001a2afca5000 Exception <a 'sun/nio/fs/WindowsException'{0x000000008ace6ce0}> (0x000000008ace6ce0) thrown at [./src/hotspot/share/prims/jni.cpp, line 615]
Event: 114.539 Thread 0x000001a2afca0000 Exception <a 'sun/nio/fs/WindowsException'{0x000000008acabde0}> (0x000000008acabde0) thrown at [./src/hotspot/share/prims/jni.cpp, line 615]
Event: 114.539 Thread 0x000001a2afca0000 Exception <a 'sun/nio/fs/WindowsException'{0x000000008acabec8}> (0x000000008acabec8) thrown at [./src/hotspot/share/prims/jni.cpp, line 615]
Event: 124.155 Thread 0x000001a2aa9a3800 Exception <a 'java/lang/NoSuchMethodError'{0x000000008dbd1f60}: <clinit>> (0x000000008dbd1f60) thrown at [./src/hotspot/share/prims/jni.cpp, line 1362]
Event: 124.155 Thread 0x000001a2aa9a3800 Exception <a 'java/lang/NoSuchMethodError'{0x000000008dbd3d38}: <clinit>> (0x000000008dbd3d38) thrown at [./src/hotspot/share/prims/jni.cpp, line 1362]
Event: 124.155 Thread 0x000001a2aa9a3800 Exception <a 'java/lang/NoSuchMethodError'{0x000000008dbd6c80}: <clinit>> (0x000000008dbd6c80) thrown at [./src/hotspot/share/prims/jni.cpp, line 1362]
Event: 124.167 Thread 0x000001a2aa9a3800 Exception <a 'java/lang/NoSuchMethodError'{0x000000008dbfb970}: <clinit>> (0x000000008dbfb970) thrown at [./src/hotspot/share/prims/jni.cpp, line 1362]
Event: 124.167 Thread 0x000001a2aa9a3800 Exception <a 'java/lang/NoSuchMethodError'{0x000000008dbfd648}: <clinit>> (0x000000008dbfd648) thrown at [./src/hotspot/share/prims/jni.cpp, line 1362]
Event: 125.009 Thread 0x000001a2afc9e800 Exception <a 'sun/nio/fs/WindowsException'{0x000000008a4f4550}> (0x000000008a4f4550) thrown at [./src/hotspot/share/prims/jni.cpp, line 615]
Event: 125.551 Thread 0x000001a2afc9e800 Exception <a 'java/lang/NoSuchMethodError'{0x000000008df68608}: 'java.lang.Object java.lang.invoke.DirectMethodHandle$Holder.invokeStaticInit(java.lang.Object, java.lang.Object, java.lang.Object, java.lang.Object, java.lang.Object, java.lang.Object, java.lang.Object, java.lang.Object, java.lang.Object, java.lang.Object, java.lang.Object, java.lang.Object, java.lang.Object, java.lang.Object, java.lang.Object, java.lang.Object, java.lang.Object, java.lang.Object, int, java.lang.Object, java.lang.Object)'> (0
Event: 126.417 Thread 0x000001a2aa9a3800 Exception <a 'sun/nio/fs/WindowsException'{0x000000008e132020}> (0x000000008e132020) thrown at [./src/hotspot/share/prims/jni.cpp, line 615]
Event: 126.417 Thread 0x000001a2aa9a3800 Exception <a 'sun/nio/fs/WindowsException'{0x000000008e15f230}> (0x000000008e15f230) thrown at [./src/hotspot/share/prims/jni.cpp, line 615]
Event: 126.418 Thread 0x000001a2aa9a3800 Exception <a 'sun/nio/fs/WindowsException'{0x000000008e15f5e0}> (0x000000008e15f5e0) thrown at [./src/hotspot/share/prims/jni.cpp, line 615]
Event: 126.418 Thread 0x000001a2aa9a3800 Exception <a 'sun/nio/fs/WindowsException'{0x000000008e160c58}> (0x000000008e160c58) thrown at [./src/hotspot/share/prims/jni.cpp, line 615]
Event: 126.418 Thread 0x000001a2aa9a3800 Exception <a 'sun/nio/fs/WindowsException'{0x000000008e160ec8}> (0x000000008e160ec8) thrown at [./src/hotspot/share/prims/jni.cpp, line 615]
Event: 126.418 Thread 0x000001a2aa9a3800 Exception <a 'sun/nio/fs/WindowsException'{0x000000008e18e078}> (0x000000008e18e078) thrown at [./src/hotspot/share/prims/jni.cpp, line 615]
Event: 126.434 Thread 0x000001a2aa9a3800 Exception <a 'java/lang/NoSuchMethodError'{0x000000008ddf42a0}: <clinit>> (0x000000008ddf42a0) thrown at [./src/hotspot/share/prims/jni.cpp, line 1362]
Event: 126.467 Thread 0x000001a2aa9a3800 Exception <a 'java/lang/NoSuchMethodError'{0x000000008e8d4900}: <clinit>> (0x000000008e8d4900) thrown at [./src/hotspot/share/prims/jni.cpp, line 1362]
Event: 126.468 Thread 0x000001a2aa9a3800 Exception <a 'java/lang/NoSuchMethodError'{0x000000008e70dc98}: <clinit>> (0x000000008e70dc98) thrown at [./src/hotspot/share/prims/jni.cpp, line 1362]

Events (20 events):
Event: 126.664 loading class com/android/build/gradle/internal/services/Aapt2DaemonManagerMaintainer$firstDaemonStarted$2 done
Event: 126.664 loading class com/android/builder/internal/aapt/v2/Aapt2DaemonManager$LeasedAaptDaemon
Event: 126.664 loading class com/android/builder/internal/aapt/v2/Aapt2DaemonManager$LeasedAaptDaemon done
Event: 126.665 loading class com/android/builder/internal/aapt/v2/Aapt2DaemonManager$leaseDaemon$1
Event: 126.665 loading class com/android/builder/internal/aapt/v2/Aapt2DaemonManager$leaseDaemon$1 done
Event: 126.688 loading class com/android/builder/internal/aapt/v2/Aapt2Daemon$WhenMappings
Event: 126.688 loading class com/android/builder/internal/aapt/v2/Aapt2Daemon$WhenMappings done
Event: 126.688 loading class com/android/builder/internal/aapt/v2/Aapt2DaemonImpl$WaitForReadyOnStdOut
Event: 126.688 loading class com/android/builder/internal/aapt/v2/Aapt2DaemonImpl$WaitForReadyOnStdOut done
Event: 126.689 loading class java/lang/ProcessBuilder
Event: 126.690 loading class java/lang/ProcessBuilder done
Event: 126.690 loading class java/lang/ProcessImpl
Event: 126.691 loading class java/lang/ProcessImpl done
Event: 126.756 Executing VM operation: RevokeBias
Event: 126.757 Executing VM operation: RevokeBias done
Event: 126.775 Executing VM operation: G1CollectForAllocation
Event: 126.795 Executing VM operation: G1CollectForAllocation done
Event: 126.897 Executing VM operation: G1CollectForAllocation
Event: 126.917 Executing VM operation: G1CollectForAllocation done
Event: 126.997 Executing VM operation: G1CollectForAllocation


Dynamic libraries:
0x00007ff6b3290000 - 0x00007ff6b329a000 	D:\temp\android-studio\jre\bin\java.exe
0x00007ffb10000000 - 0x00007ffb101f0000 	C:\WINDOWS\SYSTEM32\ntdll.dll
0x00007ffb0e9c0000 - 0x00007ffb0ea72000 	C:\WINDOWS\System32\KERNEL32.DLL
0x00007ffb0dd50000 - 0x00007ffb0dff5000 	C:\WINDOWS\System32\KERNELBASE.dll
0x00007ffb0d720000 - 0x00007ffb0d81a000 	C:\WINDOWS\System32\ucrtbase.dll
0x00007ffafcd80000 - 0x00007ffafcd99000 	D:\temp\android-studio\jre\bin\jli.dll
0x00007ffb01b40000 - 0x00007ffb01b57000 	D:\temp\android-studio\jre\bin\VCRUNTIME140.dll
0x00007ffb0e160000 - 0x00007ffb0e2f4000 	C:\WINDOWS\System32\USER32.dll
0x00007ffb0cf70000 - 0x00007ffb0cf91000 	C:\WINDOWS\System32\win32u.dll
0x00007ffafe700000 - 0x00007ffafe984000 	C:\WINDOWS\WinSxS\amd64_microsoft.windows.common-controls_6595b64144ccf1df_6.0.18362.1556_none_9e7e372fe45e41d5\COMCTL32.dll
0x00007ffb0f9b0000 - 0x00007ffb0f9d6000 	C:\WINDOWS\System32\GDI32.dll
0x00007ffb0fb40000 - 0x00007ffb0fbde000 	C:\WINDOWS\System32\msvcrt.dll
0x00007ffb0ea80000 - 0x00007ffb0edb6000 	C:\WINDOWS\System32\combase.dll
0x00007ffb0d8d0000 - 0x00007ffb0da68000 	C:\WINDOWS\System32\gdi32full.dll
0x00007ffb0e300000 - 0x00007ffb0e41f000 	C:\WINDOWS\System32\RPCRT4.dll
0x00007ffb0db50000 - 0x00007ffb0dbee000 	C:\WINDOWS\System32\msvcp_win.dll
0x00007ffb0dac0000 - 0x00007ffb0db41000 	C:\WINDOWS\System32\bcryptPrimitives.dll
0x00007ffb0e990000 - 0x00007ffb0e9be000 	C:\WINDOWS\System32\IMM32.DLL
0x00007ffafa460000 - 0x00007ffafa4fd000 	D:\temp\android-studio\jre\bin\msvcp140.dll
0x00007ffada960000 - 0x00007ffadb42f000 	D:\temp\android-studio\jre\bin\server\jvm.dll
0x00007ffb0fde0000 - 0x00007ffb0fe83000 	C:\WINDOWS\System32\ADVAPI32.dll
0x00007ffb0fc00000 - 0x00007ffb0fc97000 	C:\WINDOWS\System32\sechost.dll
0x00007ffb0f230000 - 0x00007ffb0f238000 	C:\WINDOWS\System32\PSAPI.DLL
0x00007ffb01b60000 - 0x00007ffb01b69000 	C:\WINDOWS\SYSTEM32\WSOCK32.dll
0x00007ffb0fd70000 - 0x00007ffb0fddf000 	C:\WINDOWS\System32\WS2_32.dll
0x00007ffb0aec0000 - 0x00007ffb0aee4000 	C:\WINDOWS\SYSTEM32\WINMM.dll
0x00007ffb01420000 - 0x00007ffb0142a000 	C:\WINDOWS\SYSTEM32\VERSION.dll
0x00007ffb0aa40000 - 0x00007ffb0aa6d000 	C:\WINDOWS\SYSTEM32\WINMMBASE.dll
0x00007ffb0da70000 - 0x00007ffb0daba000 	C:\WINDOWS\System32\cfgmgr32.dll
0x00007ffb0cf10000 - 0x00007ffb0cf21000 	C:\WINDOWS\System32\kernel.appcore.dll
0x00007ffaffd20000 - 0x00007ffaffd31000 	D:\temp\android-studio\jre\bin\verify.dll
0x00007ffafff20000 - 0x00007ffb00114000 	C:\WINDOWS\SYSTEM32\DBGHELP.DLL
0x00007ffaffed0000 - 0x00007ffaffefa000 	C:\WINDOWS\SYSTEM32\dbgcore.DLL
0x00007ffaffcf0000 - 0x00007ffaffd19000 	D:\temp\android-studio\jre\bin\java.dll
0x00007ffaffce0000 - 0x00007ffaffceb000 	D:\temp\android-studio\jre\bin\jimage.dll
0x00007ffafcf90000 - 0x00007ffafcfa8000 	D:\temp\android-studio\jre\bin\zip.dll
0x00007ffb0f2c0000 - 0x00007ffb0f9a7000 	C:\WINDOWS\System32\SHELL32.dll
0x00007ffb0e770000 - 0x00007ffb0e818000 	C:\WINDOWS\System32\shcore.dll
0x00007ffb0cfa0000 - 0x00007ffb0d71b000 	C:\WINDOWS\System32\windows.storage.dll
0x00007ffb0cf30000 - 0x00007ffb0cf4e000 	C:\WINDOWS\System32\profapi.dll
0x00007ffb0cec0000 - 0x00007ffb0cf0a000 	C:\WINDOWS\System32\powrprof.dll
0x00007ffb0ceb0000 - 0x00007ffb0cec0000 	C:\WINDOWS\System32\UMPDC.dll
0x00007ffb0ff60000 - 0x00007ffb0ffb2000 	C:\WINDOWS\System32\shlwapi.dll
0x00007ffb0d820000 - 0x00007ffb0d837000 	C:\WINDOWS\System32\cryptsp.dll
0x00007ffafcf70000 - 0x00007ffafcf8a000 	D:\temp\android-studio\jre\bin\net.dll
0x00007ffb028d0000 - 0x00007ffb029ca000 	C:\WINDOWS\SYSTEM32\WINHTTP.dll
0x00007ffb0c690000 - 0x00007ffb0c6f7000 	C:\WINDOWS\system32\mswsock.dll
0x00007ffafc630000 - 0x00007ffafc644000 	D:\temp\android-studio\jre\bin\nio.dll
0x00007ffafc9e0000 - 0x00007ffafca07000 	C:\Users\AgamiSoft\.gradle\native\8bec1ad78214c89d9ad589b4d07fe93259594b29d510b10fafb7a158f7737e5d\windows-amd64\native-platform.dll
0x00007ffae8400000 - 0x00007ffae853d000 	C:\Users\AgamiSoft\.gradle\native\53dbd7edfb1c66fb8903c78663c9afc45aea4f116125fa6feffd364cf09443e8\windows-amd64\native-platform-file-events.dll
0x00007ffafe6a0000 - 0x00007ffafe6aa000 	D:\temp\android-studio\jre\bin\management.dll
0x00007ffafdd20000 - 0x00007ffafdd2c000 	D:\temp\android-studio\jre\bin\management_ext.dll
0x00007ffb0c210000 - 0x00007ffb0c243000 	C:\WINDOWS\system32\rsaenh.dll
0x00007ffb0d840000 - 0x00007ffb0d866000 	C:\WINDOWS\System32\bcrypt.dll
0x00007ffb0cda0000 - 0x00007ffb0cdc5000 	C:\WINDOWS\SYSTEM32\USERENV.dll
0x00007ffb0c860000 - 0x00007ffb0c86c000 	C:\WINDOWS\SYSTEM32\CRYPTBASE.dll
0x00007ffb0c3a0000 - 0x00007ffb0c3da000 	C:\WINDOWS\SYSTEM32\IPHLPAPI.DLL
0x00007ffb0e8a0000 - 0x00007ffb0e8a8000 	C:\WINDOWS\System32\NSI.dll
0x00007ffb05cd0000 - 0x00007ffb05ce6000 	C:\WINDOWS\SYSTEM32\dhcpcsvc6.DLL
0x00007ffb05af0000 - 0x00007ffb05b0c000 	C:\WINDOWS\SYSTEM32\dhcpcsvc.DLL
0x00007ffb0c3e0000 - 0x00007ffb0c4ab000 	C:\WINDOWS\SYSTEM32\DNSAPI.dll
0x00007ffb0bef0000 - 0x00007ffb0bf21000 	C:\WINDOWS\SYSTEM32\ntmarta.dll

dbghelp: loaded successfully - version: 4.0.5 - missing functions: none
symbol engine: initialized successfully - sym options: 0x614 - pdb path: .;D:\temp\android-studio\jre\bin;C:\WINDOWS\SYSTEM32;C:\WINDOWS\WinSxS\amd64_microsoft.windows.common-controls_6595b64144ccf1df_6.0.18362.1556_none_9e7e372fe45e41d5;D:\temp\android-studio\jre\bin\server;C:\Users\AgamiSoft\.gradle\native\8bec1ad78214c89d9ad589b4d07fe93259594b29d510b10fafb7a158f7737e5d\windows-amd64;C:\Users\AgamiSoft\.gradle\native\53dbd7edfb1c66fb8903c78663c9afc45aea4f116125fa6feffd364cf09443e8\windows-amd64

VM Arguments:
jvm_args: --add-opens=java.base/java.util=ALL-UNNAMED --add-opens=java.base/java.lang=ALL-UNNAMED --add-opens=java.base/java.lang.invoke=ALL-UNNAMED --add-opens=java.base/java.util=ALL-UNNAMED --add-opens=java.prefs/java.util.prefs=ALL-UNNAMED --add-opens=java.prefs/java.util.prefs=ALL-UNNAMED --add-opens=java.base/java.nio.charset=ALL-UNNAMED --add-opens=java.base/java.net=ALL-UNNAMED --add-opens=java.base/java.util.concurrent.atomic=ALL-UNNAMED -Xmx2048m -Dfile.encoding=UTF-8 -Duser.country=US -Duser.language=en -Duser.variant 
java_command: org.gradle.launcher.daemon.bootstrap.GradleDaemon 7.1
java_class_path (initial): C:\Users\AgamiSoft\.gradle\wrapper\dists\gradle-7.1-all\9ccjyfn4kvk7v1w1wbmf8rhqp\gradle-7.1\lib\gradle-launcher-7.1.jar
Launcher Type: SUN_STANDARD

[Global flags]
     intx CICompilerCount                          = 3                                         {product} {ergonomic}
     uint ConcGCThreads                            = 1                                         {product} {ergonomic}
     uint G1ConcRefinementThreads                  = 4                                         {product} {ergonomic}
   size_t G1HeapRegionSize                         = 1048576                                   {product} {ergonomic}
    uintx GCDrainStackTargetSize                   = 64                                        {product} {ergonomic}
   size_t InitialHeapSize                          = 134217728                                 {product} {ergonomic}
   size_t MarkStackSize                            = 4194304                                   {product} {ergonomic}
   size_t MaxHeapSize                              = 2147483648                                {product} {command line}
   size_t MaxNewSize                               = 1287651328                                {product} {ergonomic}
   size_t MinHeapDeltaBytes                        = 1048576                                   {product} {ergonomic}
    uintx NonNMethodCodeHeapSize                   = 5830732                                {pd product} {ergonomic}
    uintx NonProfiledCodeHeapSize                  = 122913754                              {pd product} {ergonomic}
    uintx ProfiledCodeHeapSize                     = 122913754                              {pd product} {ergonomic}
    uintx ReservedCodeCacheSize                    = 251658240                              {pd product} {ergonomic}
     bool SegmentedCodeCache                       = true                                      {product} {ergonomic}
     bool UseCompressedClassPointers               = true                                 {lp64_product} {ergonomic}
     bool UseCompressedOops                        = true                                 {lp64_product} {ergonomic}
     bool UseG1GC                                  = true                                      {product} {ergonomic}
     bool UseLargePagesIndividualAllocation        = false                                  {pd product} {ergonomic}

Logging:
Log output configuration:
 #0: stdout all=warning uptime,level,tags
 #1: stderr all=off uptime,level,tags

Environment Variables:
JAVA_HOME=C:\Program Files\Java\jdk1.8.0_211
CLASSPATH=.;
PATH=C:\WINDOWS\system32;C:\WINDOWS;C:\WINDOWS\System32\Wbem;C:\WINDOWS\System32\WindowsPowerShell\v1.0\;C:\WINDOWS\System32\OpenSSH\;C:\src\dart-sdk\bin;C:\src\flutter\bin;C:\Program Files\Git\cmd;C:\ProgramData\chocolatey\bin;C:\Program Files\Java\jdk1.8.0_211\bin;D:\flutter\src\flutter\bin;C:\Program Files\JetBrains\PhpStorm 2020.3.1\bin;;D:\VS code\bin
USERNAME=AgamiSoft
OS=Windows_NT
PROCESSOR_IDENTIFIER=Intel64 Family 6 Model 42 Stepping 7, GenuineIntel



---------------  S Y S T E M  ---------------

OS: Windows 10 , 64 bit Build 18362 (10.0.18362.1500)
OS uptime: 1 days 3:31 hours

CPU:total 4 (initial active 4) (2 cores per cpu, 2 threads per core) family 6 model 42 stepping 7 microcode 0x2f, cmov, cx8, fxsr, mmx, sse, sse2, sse3, ssse3, sse4.1, sse4.2, popcnt, avx, clmul, ht, tsc, tscinvbit

Memory: 4k page, system-wide physical 8092M (1280M free)
TotalPageFile size 9957M (AvailPageFile size 125M)
current process WorkingSet (physical memory assigned to process): 568M, peak: 568M
current process commit charge ("private bytes"): 597M, peak: 812M

vm_info: OpenJDK 64-Bit Server VM (11.0.10+0-b96-7249189) for windows-amd64 JRE (11.0.10+0-b96-7249189), built on Mar 31 2021 21:44:00 by "builder" with MS VC++ 14.0 (VS2015)

END.
