#
# There is insufficient memory for the Java Runtime Environment to continue.
# Native memory allocation (malloc) failed to allocate 32744 bytes for ChunkPool::allocate
# Possible reasons:
#   The system is out of physical RAM or swap space
#   The process is running with CompressedOops enabled, and the Java Heap may be blocking the growth of the native heap
# Possible solutions:
#   Reduce memory load on the system
#   Increase physical memory or swap space
#   Check if swap backing store is full
#   Decrease Java heap size (-Xmx/-Xms)
#   Decrease number of Java threads
#   Decrease Java thread stack sizes (-Xss)
#   Set larger code cache with -XX:ReservedCodeCacheSize=
#   JVM is running with Unscaled Compressed Oops mode in which the Java heap is
#     placed in the first 4GB address space. The Java Heap base address is the
#     maximum limit for the native heap growth. Please use -XX:HeapBaseMinAddress
#     to set the Java Heap base and to place the Java Heap above 4GB virtual address.
# This output file may be truncated or incomplete.
#
#  Out of Memory Error (./src/hotspot/share/memory/arena.cpp:81), pid=4312, tid=10084
#
# JRE version: OpenJDK Runtime Environment (11.0.10) (build 11.0.10+0-b96-7249189)
# Java VM: OpenJDK 64-Bit Server VM (11.0.10+0-b96-7249189, mixed mode, tiered, compressed oops, g1 gc, windows-amd64)
# No core dump will be written. Minidumps are not enabled by default on client versions of Windows
#

---------------  S U M M A R Y ------------

Command Line: --add-opens=java.base/java.util=ALL-UNNAMED --add-opens=java.base/java.lang=ALL-UNNAMED --add-opens=java.base/java.lang.invoke=ALL-UNNAMED --add-opens=java.base/java.util=ALL-UNNAMED --add-opens=java.prefs/java.util.prefs=ALL-UNNAMED --add-opens=java.prefs/java.util.prefs=ALL-UNNAMED --add-opens=java.base/java.nio.charset=ALL-UNNAMED --add-opens=java.base/java.net=ALL-UNNAMED --add-opens=java.base/java.util.concurrent.atomic=ALL-UNNAMED -Xmx2048m -Dfile.encoding=UTF-8 -Duser.country=US -Duser.language=en -Duser.variant org.gradle.launcher.daemon.bootstrap.GradleDaemon 7.1

Host: Intel(R) Core(TM) i3-2120 CPU @ 3.30GHz, 4 cores, 7G,  Windows 10 , 64 bit Build 18362 (10.0.18362.1500)
Time: Sun Nov 14 16:15:56 2021 Bangladesh Standard Time elapsed time: 11.794007 seconds (0d 0h 0m 11s)

---------------  T H R E A D  ---------------

Current thread (0x000001bca95ac000):  JavaThread "C2 CompilerThread1" daemon [_thread_in_native, id=10084, stack(0x00000086a3700000,0x00000086a3800000)]


Current CompileTask:
C2:  11794 3489       4       java.net.URLClassLoader$1::run (5 bytes)

Stack: [0x00000086a3700000,0x00000086a3800000]
Native frames: (J=compiled Java code, j=interpreted, Vv=VM code, C=native code)
V  [jvm.dll+0x5ecfaa]
V  [jvm.dll+0x722bd5]
V  [jvm.dll+0x72412d]
V  [jvm.dll+0x7247e3]
V  [jvm.dll+0x242928]
V  [jvm.dll+0xbc75b]
V  [jvm.dll+0xbca0c]
V  [jvm.dll+0xbc608]
V  [jvm.dll+0x5cc470]
V  [jvm.dll+0x61cfce]
V  [jvm.dll+0x1980d8]
V  [jvm.dll+0x1fb70e]
V  [jvm.dll+0x1fa7f4]
V  [jvm.dll+0x18354c]
V  [jvm.dll+0x208ee7]
V  [jvm.dll+0x207731]
V  [jvm.dll+0x6eb1cf]
V  [jvm.dll+0x6e3d45]
V  [jvm.dll+0x5ebe96]
C  [ucrtbase.dll+0x210b2]
C  [KERNEL32.DLL+0x17c24]
C  [ntdll.dll+0x6d721]


---------------  P R O C E S S  ---------------

Threads class SMR info:
_java_thread_list=0x000001bca6d0d8c0, length=36, elements={
0x000001bc88f6e000, 0x000001bca4c33000, 0x000001bca4c3d000, 0x000001bca4c4b000,
0x000001bca4c4e000, 0x000001bca4c50800, 0x000001bca4c59800, 0x000001bca4c5b000,
0x000001bca4c5d000, 0x000001bca5708000, 0x000001bca6df1000, 0x000001bca5808800,
0x000001bca7b3b000, 0x000001bca75b1800, 0x000001bca6ecd800, 0x000001bca7a0f800,
0x000001bca6974000, 0x000001bca6e4b000, 0x000001bca7a95800, 0x000001bca7a91800,
0x000001bca7a94000, 0x000001bca7a90000, 0x000001bca7a96800, 0x000001bca7a92800,
0x000001bca7a93000, 0x000001bca7a94800, 0x000001bca7a90800, 0x000001bca99fb800,
0x000001bca95ac000, 0x000001bca99f5800, 0x000001bca99fa000, 0x000001bca99fc000,
0x000001bca99f6800, 0x000001bca99fa800, 0x000001bca99fe000, 0x000001bca99f8000
}

Java Threads: ( => current thread )
  0x000001bc88f6e000 JavaThread "main" [_thread_blocked, id=6544, stack(0x00000086a1100000,0x00000086a1200000)]
  0x000001bca4c33000 JavaThread "Reference Handler" daemon [_thread_blocked, id=9628, stack(0x00000086a1800000,0x00000086a1900000)]
  0x000001bca4c3d000 JavaThread "Finalizer" daemon [_thread_blocked, id=884, stack(0x00000086a1900000,0x00000086a1a00000)]
  0x000001bca4c4b000 JavaThread "Signal Dispatcher" daemon [_thread_blocked, id=7704, stack(0x00000086a1a00000,0x00000086a1b00000)]
  0x000001bca4c4e000 JavaThread "Attach Listener" daemon [_thread_blocked, id=11908, stack(0x00000086a1b00000,0x00000086a1c00000)]
  0x000001bca4c50800 JavaThread "Service Thread" daemon [_thread_blocked, id=12120, stack(0x00000086a1c00000,0x00000086a1d00000)]
  0x000001bca4c59800 JavaThread "C2 CompilerThread0" daemon [_thread_in_native, id=1608, stack(0x00000086a1d00000,0x00000086a1e00000)]
  0x000001bca4c5b000 JavaThread "C1 CompilerThread0" daemon [_thread_blocked, id=6112, stack(0x00000086a1e00000,0x00000086a1f00000)]
  0x000001bca4c5d000 JavaThread "Sweeper thread" daemon [_thread_blocked, id=12456, stack(0x00000086a1f00000,0x00000086a2000000)]
  0x000001bca5708000 JavaThread "Common-Cleaner" daemon [_thread_blocked, id=9156, stack(0x00000086a2000000,0x00000086a2100000)]
  0x000001bca6df1000 JavaThread "Daemon health stats" [_thread_blocked, id=10752, stack(0x00000086a2500000,0x00000086a2600000)]
  0x000001bca5808800 JavaThread "Incoming local TCP Connector on port 56427" [_thread_in_native, id=3112, stack(0x00000086a2200000,0x00000086a2300000)]
  0x000001bca7b3b000 JavaThread "Daemon periodic checks" [_thread_blocked, id=11144, stack(0x00000086a2600000,0x00000086a2700000)]
  0x000001bca75b1800 JavaThread "Daemon" [_thread_blocked, id=13292, stack(0x00000086a2700000,0x00000086a2800000)]
  0x000001bca6ecd800 JavaThread "Handler for socket connection from /127.0.0.1:56427 to /127.0.0.1:56428" [_thread_in_native, id=3904, stack(0x00000086a2800000,0x00000086a2900000)]
  0x000001bca7a0f800 JavaThread "Cancel handler" [_thread_blocked, id=9212, stack(0x00000086a2900000,0x00000086a2a00000)]
  0x000001bca6974000 JavaThread "Daemon worker" [_thread_in_vm, id=2560, stack(0x00000086a2a00000,0x00000086a2b00000)]
  0x000001bca6e4b000 JavaThread "Asynchronous log dispatcher for DefaultDaemonConnection: socket connection from /127.0.0.1:56427 to /127.0.0.1:56428" [_thread_blocked, id=5464, stack(0x00000086a2b00000,0x00000086a2c00000)]
  0x000001bca7a95800 JavaThread "Stdin handler" [_thread_blocked, id=2608, stack(0x00000086a2c00000,0x00000086a2d00000)]
  0x000001bca7a91800 JavaThread "Daemon client event forwarder" [_thread_blocked, id=10720, stack(0x00000086a2d00000,0x00000086a2e00000)]
  0x000001bca7a94000 JavaThread "Cache worker for journal cache (C:\Users\AgamiSoft\.gradle\caches\journal-1)" [_thread_blocked, id=7676, stack(0x00000086a2f00000,0x00000086a3000000)]
  0x000001bca7a90000 JavaThread "File lock request listener" [_thread_in_native, id=6784, stack(0x00000086a3000000,0x00000086a3100000)]
  0x000001bca7a96800 JavaThread "Cache worker for file hash cache (C:\Users\AgamiSoft\.gradle\caches\7.1\fileHashes)" [_thread_blocked, id=7708, stack(0x00000086a3100000,0x00000086a3200000)]
  0x000001bca7a92800 JavaThread "Cache worker for file hash cache (D:\Final MIS\MIS_ERP\.gradle\7.1\fileHashes)" [_thread_blocked, id=12344, stack(0x00000086a3200000,0x00000086a3300000)]
  0x000001bca7a93000 JavaThread "File watcher server" daemon [_thread_in_native, id=5084, stack(0x00000086a3300000,0x00000086a3400000)]
  0x000001bca7a94800 JavaThread "File watcher consumer" daemon [_thread_blocked, id=12848, stack(0x00000086a3400000,0x00000086a3500000)]
  0x000001bca7a90800 JavaThread "Cache worker for checksums cache (D:\Final MIS\MIS_ERP\.gradle\checksums)" [_thread_blocked, id=4024, stack(0x00000086a3500000,0x00000086a3600000)]
  0x000001bca99fb800 JavaThread "Cache worker for cache directory md-supplier (C:\Users\AgamiSoft\.gradle\caches\7.1\md-supplier)" [_thread_blocked, id=9028, stack(0x00000086a3600000,0x00000086a3700000)]
=>0x000001bca95ac000 JavaThread "C2 CompilerThread1" daemon [_thread_in_native, id=10084, stack(0x00000086a3700000,0x00000086a3800000)]
  0x000001bca99f5800 JavaThread "Cache worker for cache directory md-rule (C:\Users\AgamiSoft\.gradle\caches\7.1\md-rule)" [_thread_blocked, id=8032, stack(0x00000086a3800000,0x00000086a3900000)]
  0x000001bca99fa000 JavaThread "Cache worker for execution history cache (C:\Users\AgamiSoft\.gradle\caches\7.1\executionHistory)" [_thread_blocked, id=1472, stack(0x00000086a3900000,0x00000086a3a00000)]
  0x000001bca99fc000 JavaThread "jar transforms" [_thread_blocked, id=12380, stack(0x00000086a3a00000,0x00000086a3b00000)]
  0x000001bca99f6800 JavaThread "jar transforms Thread 2" [_thread_blocked, id=12436, stack(0x00000086a3b00000,0x00000086a3c00000)]
  0x000001bca99fa800 JavaThread "Cache worker for file content cache (C:\Users\AgamiSoft\.gradle\caches\7.1\fileContent)" [_thread_blocked, id=4216, stack(0x00000086a3c00000,0x00000086a3d00000)]
  0x000001bca99fe000 JavaThread "Cache worker for dependencies-accessors (D:\Final MIS\MIS_ERP\.gradle\7.1\dependencies-accessors)" [_thread_blocked, id=12112, stack(0x00000086a3d00000,0x00000086a3e00000)]
  0x000001bca99f8000 JavaThread "jar transforms Thread 3" [_thread_blocked, id=11008, stack(0x00000086a3e00000,0x00000086a3f00000)]

Other Threads:
  0x000001bca4c2f000 VMThread "VM Thread" [stack: 0x00000086a1700000,0x00000086a1800000] [id=9008]
  0x000001bca5721000 WatcherThread [stack: 0x00000086a2100000,0x00000086a2200000] [id=5972]
  0x000001bc8b0a9800 GCTaskThread "GC Thread#0" [stack: 0x00000086a1200000,0x00000086a1300000] [id=10640]
  0x000001bca5b5a000 GCTaskThread "GC Thread#1" [stack: 0x00000086a2300000,0x00000086a2400000] [id=10708]
  0x000001bca62a4800 GCTaskThread "GC Thread#2" [stack: 0x00000086a2400000,0x00000086a2500000] [id=6212]
  0x000001bca79c6000 GCTaskThread "GC Thread#3" [stack: 0x00000086a2e00000,0x00000086a2f00000] [id=11896]
  0x000001bc8b0db000 ConcurrentGCThread "G1 Main Marker" [stack: 0x00000086a1300000,0x00000086a1400000] [id=6944]
  0x000001bc8b0dc000 ConcurrentGCThread "G1 Conc#0" [stack: 0x00000086a1400000,0x00000086a1500000] [id=5688]
  0x000001bca4a80800 ConcurrentGCThread "G1 Refine#0" [stack: 0x00000086a1500000,0x00000086a1600000] [id=12960]
  0x000001bca4a81000 ConcurrentGCThread "G1 Young RemSet Sampling" [stack: 0x00000086a1600000,0x00000086a1700000] [id=11444]

Threads with active compile tasks:
C2 CompilerThread0  11826 3490   !   4       java.net.URLClassLoader$1::run (63 bytes)
C2 CompilerThread1  11826 3489       4       java.net.URLClassLoader$1::run (5 bytes)

VM state:not at safepoint (normal execution)

VM Mutex/Monitor currently owned by a thread: None

Heap address: 0x0000000080000000, size: 2048 MB, Compressed Oops mode: 32-bit
Narrow klass base: 0x0000000000000000, Narrow klass shift: 3
Compressed class space size: 1073741824 Address: 0x0000000100000000

Heap:
 garbage-first heap   total 157696K, used 110602K [0x0000000080000000, 0x0000000100000000)
  region size 1024K, 91 young (93184K), 7 survivors (7168K)
 Metaspace       used 42535K, capacity 43592K, committed 43776K, reserved 1087488K
  class space    used 5412K, capacity 5767K, committed 5888K, reserved 1048576K
Heap Regions: E=young(eden), S=young(survivor), O=old, HS=humongous(starts), HC=humongous(continues), CS=collection set, F=free, A=archive, TAMS=top-at-mark-start (previous, next)
|   0|0x0000000080000000, 0x0000000080100000, 0x0000000080100000|100%| O|  |TAMS 0x0000000080100000, 0x0000000080000000| Untracked 
|   1|0x0000000080100000, 0x0000000080200000, 0x0000000080200000|100%| O|  |TAMS 0x0000000080200000, 0x0000000080100000| Untracked 
|   2|0x0000000080200000, 0x0000000080300000, 0x0000000080300000|100%| O|  |TAMS 0x0000000080300000, 0x0000000080200000| Untracked 
|   3|0x0000000080300000, 0x0000000080400000, 0x0000000080400000|100%|HS|  |TAMS 0x0000000080400000, 0x0000000080300000| Complete 
|   4|0x0000000080400000, 0x0000000080500000, 0x0000000080500000|100%|HC|  |TAMS 0x0000000080500000, 0x0000000080400000| Complete 
|   5|0x0000000080500000, 0x0000000080600000, 0x0000000080600000|100%|HC|  |TAMS 0x0000000080600000, 0x0000000080500000| Complete 
|   6|0x0000000080600000, 0x0000000080700000, 0x0000000080700000|100%| O|  |TAMS 0x0000000080700000, 0x0000000080600000| Untracked 
|   7|0x0000000080700000, 0x0000000080800000, 0x0000000080800000|100%| O|  |TAMS 0x0000000080800000, 0x0000000080700000| Untracked 
|   8|0x0000000080800000, 0x0000000080900000, 0x0000000080900000|100%| O|  |TAMS 0x0000000080900000, 0x0000000080800000| Untracked 
|   9|0x0000000080900000, 0x0000000080a00000, 0x0000000080a00000|100%| O|  |TAMS 0x0000000080a00000, 0x0000000080900000| Untracked 
|  10|0x0000000080a00000, 0x0000000080b00000, 0x0000000080b00000|100%| O|  |TAMS 0x0000000080b00000, 0x0000000080a00000| Untracked 
|  11|0x0000000080b00000, 0x0000000080c00000, 0x0000000080c00000|100%| O|  |TAMS 0x0000000080c00000, 0x0000000080b00000| Untracked 
|  12|0x0000000080c00000, 0x0000000080d00000, 0x0000000080d00000|100%| O|  |TAMS 0x0000000080d00000, 0x0000000080c00000| Untracked 
|  13|0x0000000080d00000, 0x0000000080e00000, 0x0000000080e00000|100%| O|  |TAMS 0x0000000080e00000, 0x0000000080d00000| Untracked 
|  14|0x0000000080e00000, 0x0000000080f00000, 0x0000000080f00000|100%| O|  |TAMS 0x0000000080f00000, 0x0000000080e00000| Untracked 
|  15|0x0000000080f00000, 0x0000000080f7a800, 0x0000000081000000| 47%| O|  |TAMS 0x0000000080f7a800, 0x0000000080f00000| Untracked 
|  16|0x0000000081000000, 0x0000000081100000, 0x0000000081100000|100%|HS|  |TAMS 0x0000000081000000, 0x0000000081000000| Complete 
|  17|0x0000000081100000, 0x0000000081200000, 0x0000000081200000|100%|HS|  |TAMS 0x0000000081100000, 0x0000000081100000| Complete 
|  18|0x0000000081200000, 0x0000000081300000, 0x0000000081300000|100%|HC|  |TAMS 0x0000000081200000, 0x0000000081200000| Complete 
|  19|0x0000000081300000, 0x0000000081400000, 0x0000000081400000|100%|HS|  |TAMS 0x0000000081300000, 0x0000000081300000| Complete 
|  20|0x0000000081400000, 0x0000000081400000, 0x0000000081500000|  0%| F|  |TAMS 0x0000000081400000, 0x0000000081400000| Untracked 
|  21|0x0000000081500000, 0x0000000081500000, 0x0000000081600000|  0%| F|  |TAMS 0x0000000081500000, 0x0000000081500000| Untracked 
|  22|0x0000000081600000, 0x0000000081600000, 0x0000000081700000|  0%| F|  |TAMS 0x0000000081600000, 0x0000000081600000| Untracked 
|  23|0x0000000081700000, 0x0000000081700000, 0x0000000081800000|  0%| F|  |TAMS 0x0000000081700000, 0x0000000081700000| Untracked 
|  24|0x0000000081800000, 0x0000000081800000, 0x0000000081900000|  0%| F|  |TAMS 0x0000000081800000, 0x0000000081800000| Untracked 
|  25|0x0000000081900000, 0x0000000081900000, 0x0000000081a00000|  0%| F|  |TAMS 0x0000000081900000, 0x0000000081900000| Untracked 
|  26|0x0000000081a00000, 0x0000000081a00000, 0x0000000081b00000|  0%| F|  |TAMS 0x0000000081a00000, 0x0000000081a00000| Untracked 
|  27|0x0000000081b00000, 0x0000000081b00000, 0x0000000081c00000|  0%| F|  |TAMS 0x0000000081b00000, 0x0000000081b00000| Untracked 
|  28|0x0000000081c00000, 0x0000000081c00000, 0x0000000081d00000|  0%| F|  |TAMS 0x0000000081c00000, 0x0000000081c00000| Untracked 
|  29|0x0000000081d00000, 0x0000000081d00000, 0x0000000081e00000|  0%| F|  |TAMS 0x0000000081d00000, 0x0000000081d00000| Untracked 
|  30|0x0000000081e00000, 0x0000000081e00000, 0x0000000081f00000|  0%| F|  |TAMS 0x0000000081e00000, 0x0000000081e00000| Untracked 
|  31|0x0000000081f00000, 0x0000000081f00000, 0x0000000082000000|  0%| F|  |TAMS 0x0000000081f00000, 0x0000000081f00000| Untracked 
|  32|0x0000000082000000, 0x0000000082000000, 0x0000000082100000|  0%| F|  |TAMS 0x0000000082000000, 0x0000000082000000| Untracked 
|  33|0x0000000082100000, 0x0000000082100000, 0x0000000082200000|  0%| F|  |TAMS 0x0000000082100000, 0x0000000082100000| Untracked 
|  34|0x0000000082200000, 0x0000000082200000, 0x0000000082300000|  0%| F|  |TAMS 0x0000000082200000, 0x0000000082200000| Untracked 
|  35|0x0000000082300000, 0x0000000082300000, 0x0000000082400000|  0%| F|  |TAMS 0x0000000082300000, 0x0000000082300000| Untracked 
|  36|0x0000000082400000, 0x0000000082400000, 0x0000000082500000|  0%| F|  |TAMS 0x0000000082400000, 0x0000000082400000| Untracked 
|  37|0x0000000082500000, 0x0000000082500000, 0x0000000082600000|  0%| F|  |TAMS 0x0000000082500000, 0x0000000082500000| Untracked 
|  38|0x0000000082600000, 0x0000000082600000, 0x0000000082700000|  0%| F|  |TAMS 0x0000000082600000, 0x0000000082600000| Untracked 
|  39|0x0000000082700000, 0x0000000082700000, 0x0000000082800000|  0%| F|  |TAMS 0x0000000082700000, 0x0000000082700000| Untracked 
|  40|0x0000000082800000, 0x0000000082800000, 0x0000000082900000|  0%| F|  |TAMS 0x0000000082800000, 0x0000000082800000| Untracked 
|  41|0x0000000082900000, 0x0000000082900000, 0x0000000082a00000|  0%| F|  |TAMS 0x0000000082900000, 0x0000000082900000| Untracked 
|  42|0x0000000082a00000, 0x0000000082a00000, 0x0000000082b00000|  0%| F|  |TAMS 0x0000000082a00000, 0x0000000082a00000| Untracked 
|  43|0x0000000082b00000, 0x0000000082b00000, 0x0000000082c00000|  0%| F|  |TAMS 0x0000000082b00000, 0x0000000082b00000| Untracked 
|  44|0x0000000082c00000, 0x0000000082c00000, 0x0000000082d00000|  0%| F|  |TAMS 0x0000000082c00000, 0x0000000082c00000| Untracked 
|  45|0x0000000082d00000, 0x0000000082d00000, 0x0000000082e00000|  0%| F|  |TAMS 0x0000000082d00000, 0x0000000082d00000| Untracked 
|  46|0x0000000082e00000, 0x0000000082e00000, 0x0000000082f00000|  0%| F|  |TAMS 0x0000000082e00000, 0x0000000082e00000| Untracked 
|  47|0x0000000082f00000, 0x0000000082f00000, 0x0000000083000000|  0%| F|  |TAMS 0x0000000082f00000, 0x0000000082f00000| Untracked 
|  48|0x0000000083000000, 0x0000000083000000, 0x0000000083100000|  0%| F|  |TAMS 0x0000000083000000, 0x0000000083000000| Untracked 
|  49|0x0000000083100000, 0x0000000083100000, 0x0000000083200000|  0%| F|  |TAMS 0x0000000083100000, 0x0000000083100000| Untracked 
|  50|0x0000000083200000, 0x0000000083200000, 0x0000000083300000|  0%| F|  |TAMS 0x0000000083200000, 0x0000000083200000| Untracked 
|  51|0x0000000083300000, 0x0000000083300000, 0x0000000083400000|  0%| F|  |TAMS 0x0000000083300000, 0x0000000083300000| Untracked 
|  52|0x0000000083400000, 0x0000000083400000, 0x0000000083500000|  0%| F|  |TAMS 0x0000000083400000, 0x0000000083400000| Untracked 
|  53|0x0000000083500000, 0x0000000083500000, 0x0000000083600000|  0%| F|  |TAMS 0x0000000083500000, 0x0000000083500000| Untracked 
|  54|0x0000000083600000, 0x0000000083600000, 0x0000000083700000|  0%| F|  |TAMS 0x0000000083600000, 0x0000000083600000| Untracked 
|  55|0x0000000083700000, 0x0000000083700000, 0x0000000083800000|  0%| F|  |TAMS 0x0000000083700000, 0x0000000083700000| Untracked 
|  56|0x0000000083800000, 0x0000000083800000, 0x0000000083900000|  0%| F|  |TAMS 0x0000000083800000, 0x0000000083800000| Untracked 
|  57|0x0000000083900000, 0x0000000083900000, 0x0000000083a00000|  0%| F|  |TAMS 0x0000000083900000, 0x0000000083900000| Untracked 
|  58|0x0000000083a00000, 0x0000000083a00000, 0x0000000083b00000|  0%| F|  |TAMS 0x0000000083a00000, 0x0000000083a00000| Untracked 
|  59|0x0000000083b00000, 0x0000000083b00000, 0x0000000083c00000|  0%| F|  |TAMS 0x0000000083b00000, 0x0000000083b00000| Untracked 
|  60|0x0000000083c00000, 0x0000000083c00000, 0x0000000083d00000|  0%| F|  |TAMS 0x0000000083c00000, 0x0000000083c00000| Untracked 
|  61|0x0000000083d00000, 0x0000000083d00000, 0x0000000083e00000|  0%| F|  |TAMS 0x0000000083d00000, 0x0000000083d00000| Untracked 
|  62|0x0000000083e00000, 0x0000000083e00000, 0x0000000083f00000|  0%| F|  |TAMS 0x0000000083e00000, 0x0000000083e00000| Untracked 
|  63|0x0000000083f00000, 0x0000000084000000, 0x0000000084000000|100%| E|  |TAMS 0x0000000083f00000, 0x0000000083f00000| Complete 
|  64|0x0000000084000000, 0x0000000084100000, 0x0000000084100000|100%| E|CS|TAMS 0x0000000084000000, 0x0000000084000000| Complete 
|  65|0x0000000084100000, 0x0000000084200000, 0x0000000084200000|100%| E|CS|TAMS 0x0000000084100000, 0x0000000084100000| Complete 
|  66|0x0000000084200000, 0x0000000084300000, 0x0000000084300000|100%| E|CS|TAMS 0x0000000084200000, 0x0000000084200000| Complete 
|  67|0x0000000084300000, 0x0000000084400000, 0x0000000084400000|100%| E|CS|TAMS 0x0000000084300000, 0x0000000084300000| Complete 
|  68|0x0000000084400000, 0x0000000084500000, 0x0000000084500000|100%| E|CS|TAMS 0x0000000084400000, 0x0000000084400000| Complete 
|  69|0x0000000084500000, 0x0000000084600000, 0x0000000084600000|100%| E|CS|TAMS 0x0000000084500000, 0x0000000084500000| Complete 
|  70|0x0000000084600000, 0x0000000084700000, 0x0000000084700000|100%| E|CS|TAMS 0x0000000084600000, 0x0000000084600000| Complete 
|  71|0x0000000084700000, 0x0000000084800000, 0x0000000084800000|100%| E|CS|TAMS 0x0000000084700000, 0x0000000084700000| Complete 
|  72|0x0000000084800000, 0x0000000084900000, 0x0000000084900000|100%| E|CS|TAMS 0x0000000084800000, 0x0000000084800000| Complete 
|  73|0x0000000084900000, 0x0000000084a00000, 0x0000000084a00000|100%| E|CS|TAMS 0x0000000084900000, 0x0000000084900000| Complete 
|  74|0x0000000084a00000, 0x0000000084b00000, 0x0000000084b00000|100%| E|CS|TAMS 0x0000000084a00000, 0x0000000084a00000| Complete 
|  75|0x0000000084b00000, 0x0000000084c00000, 0x0000000084c00000|100%| E|CS|TAMS 0x0000000084b00000, 0x0000000084b00000| Complete 
|  76|0x0000000084c00000, 0x0000000084d00000, 0x0000000084d00000|100%| E|CS|TAMS 0x0000000084c00000, 0x0000000084c00000| Complete 
|  77|0x0000000084d00000, 0x0000000084e00000, 0x0000000084e00000|100%| E|CS|TAMS 0x0000000084d00000, 0x0000000084d00000| Complete 
|  78|0x0000000084e00000, 0x0000000084f00000, 0x0000000084f00000|100%| E|CS|TAMS 0x0000000084e00000, 0x0000000084e00000| Complete 
|  79|0x0000000084f00000, 0x0000000085000000, 0x0000000085000000|100%| E|CS|TAMS 0x0000000084f00000, 0x0000000084f00000| Complete 
|  80|0x0000000085000000, 0x0000000085100000, 0x0000000085100000|100%| E|CS|TAMS 0x0000000085000000, 0x0000000085000000| Complete 
|  81|0x0000000085100000, 0x0000000085200000, 0x0000000085200000|100%| E|CS|TAMS 0x0000000085100000, 0x0000000085100000| Complete 
|  82|0x0000000085200000, 0x0000000085300000, 0x0000000085300000|100%| E|CS|TAMS 0x0000000085200000, 0x0000000085200000| Complete 
|  83|0x0000000085300000, 0x0000000085400000, 0x0000000085400000|100%| E|  |TAMS 0x0000000085300000, 0x0000000085300000| Complete 
|  84|0x0000000085400000, 0x0000000085500000, 0x0000000085500000|100%| E|CS|TAMS 0x0000000085400000, 0x0000000085400000| Complete 
|  85|0x0000000085500000, 0x0000000085600000, 0x0000000085600000|100%| E|CS|TAMS 0x0000000085500000, 0x0000000085500000| Complete 
|  86|0x0000000085600000, 0x0000000085700000, 0x0000000085700000|100%| E|CS|TAMS 0x0000000085600000, 0x0000000085600000| Complete 
|  87|0x0000000085700000, 0x0000000085788380, 0x0000000085800000| 53%| S|CS|TAMS 0x0000000085700000, 0x0000000085700000| Complete 
|  88|0x0000000085800000, 0x0000000085900000, 0x0000000085900000|100%| S|CS|TAMS 0x0000000085800000, 0x0000000085800000| Complete 
|  89|0x0000000085900000, 0x0000000085a00000, 0x0000000085a00000|100%| S|CS|TAMS 0x0000000085900000, 0x0000000085900000| Complete 
|  90|0x0000000085a00000, 0x0000000085b00000, 0x0000000085b00000|100%| S|CS|TAMS 0x0000000085a00000, 0x0000000085a00000| Complete 
|  91|0x0000000085b00000, 0x0000000085c00000, 0x0000000085c00000|100%| S|CS|TAMS 0x0000000085b00000, 0x0000000085b00000| Complete 
|  92|0x0000000085c00000, 0x0000000085d00000, 0x0000000085d00000|100%| S|CS|TAMS 0x0000000085c00000, 0x0000000085c00000| Complete 
|  93|0x0000000085d00000, 0x0000000085e00000, 0x0000000085e00000|100%| S|CS|TAMS 0x0000000085d00000, 0x0000000085d00000| Complete 
|  94|0x0000000085e00000, 0x0000000085f00000, 0x0000000085f00000|100%| E|CS|TAMS 0x0000000085e00000, 0x0000000085e00000| Complete 
|  95|0x0000000085f00000, 0x0000000086000000, 0x0000000086000000|100%| E|CS|TAMS 0x0000000085f00000, 0x0000000085f00000| Complete 
|  96|0x0000000086000000, 0x0000000086100000, 0x0000000086100000|100%| E|CS|TAMS 0x0000000086000000, 0x0000000086000000| Complete 
|  97|0x0000000086100000, 0x0000000086200000, 0x0000000086200000|100%| E|CS|TAMS 0x0000000086100000, 0x0000000086100000| Complete 
|  98|0x0000000086200000, 0x0000000086300000, 0x0000000086300000|100%| E|CS|TAMS 0x0000000086200000, 0x0000000086200000| Complete 
|  99|0x0000000086300000, 0x0000000086400000, 0x0000000086400000|100%| E|CS|TAMS 0x0000000086300000, 0x0000000086300000| Complete 
| 100|0x0000000086400000, 0x0000000086500000, 0x0000000086500000|100%| E|CS|TAMS 0x0000000086400000, 0x0000000086400000| Complete 
| 101|0x0000000086500000, 0x0000000086600000, 0x0000000086600000|100%| E|CS|TAMS 0x0000000086500000, 0x0000000086500000| Complete 
| 102|0x0000000086600000, 0x0000000086700000, 0x0000000086700000|100%| E|CS|TAMS 0x0000000086600000, 0x0000000086600000| Complete 
| 103|0x0000000086700000, 0x0000000086800000, 0x0000000086800000|100%| E|CS|TAMS 0x0000000086700000, 0x0000000086700000| Complete 
| 104|0x0000000086800000, 0x0000000086900000, 0x0000000086900000|100%| E|CS|TAMS 0x0000000086800000, 0x0000000086800000| Complete 
| 105|0x0000000086900000, 0x0000000086a00000, 0x0000000086a00000|100%| E|CS|TAMS 0x0000000086900000, 0x0000000086900000| Complete 
| 106|0x0000000086a00000, 0x0000000086b00000, 0x0000000086b00000|100%| E|CS|TAMS 0x0000000086a00000, 0x0000000086a00000| Complete 
| 107|0x0000000086b00000, 0x0000000086c00000, 0x0000000086c00000|100%| E|CS|TAMS 0x0000000086b00000, 0x0000000086b00000| Complete 
| 108|0x0000000086c00000, 0x0000000086d00000, 0x0000000086d00000|100%| E|CS|TAMS 0x0000000086c00000, 0x0000000086c00000| Complete 
| 109|0x0000000086d00000, 0x0000000086e00000, 0x0000000086e00000|100%| E|CS|TAMS 0x0000000086d00000, 0x0000000086d00000| Complete 
| 110|0x0000000086e00000, 0x0000000086f00000, 0x0000000086f00000|100%| E|CS|TAMS 0x0000000086e00000, 0x0000000086e00000| Complete 
| 111|0x0000000086f00000, 0x0000000087000000, 0x0000000087000000|100%| E|CS|TAMS 0x0000000086f00000, 0x0000000086f00000| Complete 
| 112|0x0000000087000000, 0x0000000087100000, 0x0000000087100000|100%| E|CS|TAMS 0x0000000087000000, 0x0000000087000000| Complete 
| 113|0x0000000087100000, 0x0000000087200000, 0x0000000087200000|100%| E|CS|TAMS 0x0000000087100000, 0x0000000087100000| Complete 
| 114|0x0000000087200000, 0x0000000087300000, 0x0000000087300000|100%| E|CS|TAMS 0x0000000087200000, 0x0000000087200000| Complete 
| 115|0x0000000087300000, 0x0000000087400000, 0x0000000087400000|100%| E|CS|TAMS 0x0000000087300000, 0x0000000087300000| Complete 
| 116|0x0000000087400000, 0x0000000087500000, 0x0000000087500000|100%| E|CS|TAMS 0x0000000087400000, 0x0000000087400000| Complete 
| 117|0x0000000087500000, 0x0000000087600000, 0x0000000087600000|100%| E|CS|TAMS 0x0000000087500000, 0x0000000087500000| Complete 
| 118|0x0000000087600000, 0x0000000087700000, 0x0000000087700000|100%| E|CS|TAMS 0x0000000087600000, 0x0000000087600000| Complete 
| 119|0x0000000087700000, 0x0000000087800000, 0x0000000087800000|100%| E|CS|TAMS 0x0000000087700000, 0x0000000087700000| Complete 
| 120|0x0000000087800000, 0x0000000087900000, 0x0000000087900000|100%| E|CS|TAMS 0x0000000087800000, 0x0000000087800000| Complete 
| 121|0x0000000087900000, 0x0000000087a00000, 0x0000000087a00000|100%| E|CS|TAMS 0x0000000087900000, 0x0000000087900000| Complete 
| 122|0x0000000087a00000, 0x0000000087b00000, 0x0000000087b00000|100%| E|CS|TAMS 0x0000000087a00000, 0x0000000087a00000| Complete 
| 123|0x0000000087b00000, 0x0000000087c00000, 0x0000000087c00000|100%| E|CS|TAMS 0x0000000087b00000, 0x0000000087b00000| Complete 
| 124|0x0000000087c00000, 0x0000000087d00000, 0x0000000087d00000|100%| E|CS|TAMS 0x0000000087c00000, 0x0000000087c00000| Complete 
| 125|0x0000000087d00000, 0x0000000087e00000, 0x0000000087e00000|100%| E|CS|TAMS 0x0000000087d00000, 0x0000000087d00000| Complete 
| 126|0x0000000087e00000, 0x0000000087f00000, 0x0000000087f00000|100%| E|CS|TAMS 0x0000000087e00000, 0x0000000087e00000| Complete 
| 127|0x0000000087f00000, 0x0000000088000000, 0x0000000088000000|100%| E|CS|TAMS 0x0000000087f00000, 0x0000000087f00000| Complete 
| 128|0x0000000088000000, 0x0000000088100000, 0x0000000088100000|100%| E|CS|TAMS 0x0000000088000000, 0x0000000088000000| Complete 
| 129|0x0000000088100000, 0x0000000088200000, 0x0000000088200000|100%| E|CS|TAMS 0x0000000088100000, 0x0000000088100000| Complete 
| 130|0x0000000088200000, 0x0000000088300000, 0x0000000088300000|100%| E|CS|TAMS 0x0000000088200000, 0x0000000088200000| Complete 
| 131|0x0000000088300000, 0x0000000088400000, 0x0000000088400000|100%| E|CS|TAMS 0x0000000088300000, 0x0000000088300000| Complete 
| 132|0x0000000088400000, 0x0000000088500000, 0x0000000088500000|100%| E|CS|TAMS 0x0000000088400000, 0x0000000088400000| Complete 
| 133|0x0000000088500000, 0x0000000088600000, 0x0000000088600000|100%| E|CS|TAMS 0x0000000088500000, 0x0000000088500000| Complete 
| 134|0x0000000088600000, 0x0000000088700000, 0x0000000088700000|100%| E|CS|TAMS 0x0000000088600000, 0x0000000088600000| Complete 
| 135|0x0000000088700000, 0x0000000088800000, 0x0000000088800000|100%| E|CS|TAMS 0x0000000088700000, 0x0000000088700000| Complete 
| 136|0x0000000088800000, 0x0000000088900000, 0x0000000088900000|100%| E|CS|TAMS 0x0000000088800000, 0x0000000088800000| Complete 
| 137|0x0000000088900000, 0x0000000088a00000, 0x0000000088a00000|100%| E|CS|TAMS 0x0000000088900000, 0x0000000088900000| Complete 
| 138|0x0000000088a00000, 0x0000000088b00000, 0x0000000088b00000|100%| E|CS|TAMS 0x0000000088a00000, 0x0000000088a00000| Complete 
| 139|0x0000000088b00000, 0x0000000088c00000, 0x0000000088c00000|100%| E|CS|TAMS 0x0000000088b00000, 0x0000000088b00000| Complete 
| 140|0x0000000088c00000, 0x0000000088d00000, 0x0000000088d00000|100%| E|CS|TAMS 0x0000000088c00000, 0x0000000088c00000| Complete 
| 141|0x0000000088d00000, 0x0000000088e00000, 0x0000000088e00000|100%| E|CS|TAMS 0x0000000088d00000, 0x0000000088d00000| Complete 
| 142|0x0000000088e00000, 0x0000000088f00000, 0x0000000088f00000|100%| E|CS|TAMS 0x0000000088e00000, 0x0000000088e00000| Complete 
| 143|0x0000000088f00000, 0x0000000089000000, 0x0000000089000000|100%| E|CS|TAMS 0x0000000088f00000, 0x0000000088f00000| Complete 
| 144|0x0000000089000000, 0x0000000089100000, 0x0000000089100000|100%| E|CS|TAMS 0x0000000089000000, 0x0000000089000000| Complete 
| 145|0x0000000089100000, 0x0000000089200000, 0x0000000089200000|100%| E|CS|TAMS 0x0000000089100000, 0x0000000089100000| Complete 
| 146|0x0000000089200000, 0x0000000089300000, 0x0000000089300000|100%| E|CS|TAMS 0x0000000089200000, 0x0000000089200000| Complete 
| 147|0x0000000089300000, 0x0000000089400000, 0x0000000089400000|100%| E|CS|TAMS 0x0000000089300000, 0x0000000089300000| Complete 
| 148|0x0000000089400000, 0x0000000089500000, 0x0000000089500000|100%| E|CS|TAMS 0x0000000089400000, 0x0000000089400000| Complete 
| 149|0x0000000089500000, 0x0000000089600000, 0x0000000089600000|100%| E|CS|TAMS 0x0000000089500000, 0x0000000089500000| Complete 
| 150|0x0000000089600000, 0x0000000089700000, 0x0000000089700000|100%| E|CS|TAMS 0x0000000089600000, 0x0000000089600000| Complete 
| 151|0x0000000089700000, 0x0000000089800000, 0x0000000089800000|100%| E|CS|TAMS 0x0000000089700000, 0x0000000089700000| Complete 
| 152|0x0000000089800000, 0x0000000089900000, 0x0000000089900000|100%| E|CS|TAMS 0x0000000089800000, 0x0000000089800000| Complete 
| 153|0x0000000089900000, 0x0000000089a00000, 0x0000000089a00000|100%| E|CS|TAMS 0x0000000089900000, 0x0000000089900000| Complete 

Card table byte_map: [0x000001bc9df40000,0x000001bc9e340000] _byte_map_base: 0x000001bc9db40000

Marking Bits (Prev, Next): (CMBitMap*) 0x000001bc8b0d2078, (CMBitMap*) 0x000001bc8b0d20b0
 Prev Bits: [0x000001bc9e740000, 0x000001bca0740000)
 Next Bits: [0x000001bca0740000, 0x000001bca2740000)

Polling page: 0x000001bc88fd0000

Metaspace:

Usage:
  Non-class:     36.94 MB capacity,    36.27 MB ( 98%) used,   586.75 KB (  2%) free+waste,    96.63 KB ( <1%) overhead. 
      Class:      5.63 MB capacity,     5.29 MB ( 94%) used,   301.12 KB (  5%) free+waste,    45.94 KB ( <1%) overhead. 
       Both:     42.57 MB capacity,    41.56 MB ( 98%) used,   887.87 KB (  2%) free+waste,   142.56 KB ( <1%) overhead. 

Virtual space:
  Non-class space:       38.00 MB reserved,      37.00 MB ( 97%) committed 
      Class space:        1.00 GB reserved,       5.75 MB ( <1%) committed 
             Both:        1.04 GB reserved,      42.75 MB (  4%) committed 

Chunk freelists:
   Non-Class:  63.00 KB
       Class:  25.00 KB
        Both:  88.00 KB

MaxMetaspaceSize: 17179869184.00 GB
CompressedClassSpaceSize: 1.00 GB

CodeHeap 'non-profiled nmethods': size=120064Kb used=1984Kb max_used=1984Kb free=118079Kb
 bounds [0x000001bc96600000, 0x000001bc96870000, 0x000001bc9db40000]
CodeHeap 'profiled nmethods': size=120000Kb used=7747Kb max_used=7747Kb free=112253Kb
 bounds [0x000001bc8f0d0000, 0x000001bc8f870000, 0x000001bc96600000]
CodeHeap 'non-nmethods': size=5696Kb used=2200Kb max_used=2248Kb free=3495Kb
 bounds [0x000001bc8eb40000, 0x000001bc8edb0000, 0x000001bc8f0d0000]
 total_blobs=4396 nmethods=3630 adapters=677
 compilation: enabled
              stopped_count=0, restarted_count=0
 full_count=0

Compilation events (20 events):
Event: 11.750 Thread 0x000001bca4c5b000 3624       3       org.gradle.internal.instantiation.generator.AbstractClassGenerator$MethodMetadata::shouldImplement (16 bytes)
Event: 11.750 Thread 0x000001bca4c5b000 nmethod 3624 0x000001bc8f849710 code [0x000001bc8f8498c0, 0x000001bc8f849af8]
Event: 11.751 Thread 0x000001bca4c5b000 3625       3       org.gradle.internal.instantiation.generator.AbstractClassGenerator$PropertyMetadata::isReadable (13 bytes)
Event: 11.751 Thread 0x000001bca4c5b000 nmethod 3625 0x000001bc8f849c10 code [0x000001bc8f849dc0, 0x000001bc8f849f18]
Event: 11.751 Thread 0x000001bca4c5b000 3626       3       org.gradle.internal.instantiation.generator.AbstractClassGenerator$PropertyMetadata::isWritable (18 bytes)
Event: 11.751 Thread 0x000001bca4c5b000 nmethod 3626 0x000001bc8f849f90 code [0x000001bc8f84a160, 0x000001bc8f84a388]
Event: 11.752 Thread 0x000001bca4c5b000 3627       3       org.objectweb.asm.Frame::execute (2318 bytes)
Event: 11.760 Thread 0x000001bca4c5b000 nmethod 3627 0x000001bc8f84a490 code [0x000001bc8f84b200, 0x000001bc8f851938]
Event: 11.760 Thread 0x000001bca4c5b000 3631       3       java.lang.invoke.AbstractValidatingLambdaMetafactory::<init> (474 bytes)
Event: 11.767 Thread 0x000001bca4c5b000 nmethod 3631 0x000001bc8f853610 code [0x000001bc8f853f20, 0x000001bc8f8593b8]
Event: 11.767 Thread 0x000001bca4c5b000 3632   !   3       java.lang.invoke.MethodHandles$Lookup::revealDirect (209 bytes)
Event: 11.769 Thread 0x000001bca4c5b000 nmethod 3632 0x000001bc8f85ae10 code [0x000001bc8f85b1c0, 0x000001bc8f85c898]
Event: 11.769 Thread 0x000001bca4c5b000 3633       3       java.lang.invoke.InfoFromMemberName::<init> (72 bytes)
Event: 11.770 Thread 0x000001bca4c5b000 nmethod 3633 0x000001bc8f85d090 code [0x000001bc8f85d240, 0x000001bc8f85d418]
Event: 11.770 Thread 0x000001bca4c5b000 3629       3       java.lang.reflect.Constructor::setAccessible (21 bytes)
Event: 11.770 Thread 0x000001bca4c5b000 nmethod 3629 0x000001bc8f85d510 code [0x000001bc8f85d740, 0x000001bc8f85ddd8]
Event: 11.770 Thread 0x000001bca4c5b000 3630       3       java.lang.reflect.Constructor::checkCanSetAccessible (29 bytes)
Event: 11.771 Thread 0x000001bca4c5b000 nmethod 3630 0x000001bc8f85e010 code [0x000001bc8f85e1e0, 0x000001bc8f85e498]
Event: 11.781 Thread 0x000001bca4c5b000 3634       3       java.lang.invoke.LambdaForm$DMH/0x00000001002f6440::invokeStatic (30 bytes)
Event: 11.782 Thread 0x000001bca4c5b000 nmethod 3634 0x000001bc8f85e610 code [0x000001bc8f85e820, 0x000001bc8f85ee88]

GC Heap History (14 events):
Event: 1.171 GC heap before
{Heap before GC invocations=0 (full 0):
 garbage-first heap   total 131072K, used 19456K [0x0000000080000000, 0x0000000100000000)
  region size 1024K, 14 young (14336K), 0 survivors (0K)
 Metaspace       used 6724K, capacity 6921K, committed 7168K, reserved 1056768K
  class space    used 582K, capacity 650K, committed 768K, reserved 1048576K
}
Event: 1.178 GC heap after
{Heap after GC invocations=1 (full 0):
 garbage-first heap   total 131072K, used 7633K [0x0000000080000000, 0x0000000100000000)
  region size 1024K, 2 young (2048K), 2 survivors (2048K)
 Metaspace       used 6724K, capacity 6921K, committed 7168K, reserved 1056768K
  class space    used 582K, capacity 650K, committed 768K, reserved 1048576K
}
Event: 1.702 GC heap before
{Heap before GC invocations=1 (full 0):
 garbage-first heap   total 131072K, used 17873K [0x0000000080000000, 0x0000000100000000)
  region size 1024K, 12 young (12288K), 2 survivors (2048K)
 Metaspace       used 9791K, capacity 10050K, committed 10112K, reserved 1058816K
  class space    used 1023K, capacity 1102K, committed 1152K, reserved 1048576K
}
Event: 1.708 GC heap after
{Heap after GC invocations=2 (full 0):
 garbage-first heap   total 131072K, used 9318K [0x0000000080000000, 0x0000000100000000)
  region size 1024K, 2 young (2048K), 2 survivors (2048K)
 Metaspace       used 9791K, capacity 10050K, committed 10112K, reserved 1058816K
  class space    used 1023K, capacity 1102K, committed 1152K, reserved 1048576K
}
Event: 2.491 GC heap before
{Heap before GC invocations=2 (full 0):
 garbage-first heap   total 131072K, used 33894K [0x0000000080000000, 0x0000000100000000)
  region size 1024K, 27 young (27648K), 2 survivors (2048K)
 Metaspace       used 10769K, capacity 11003K, committed 11264K, reserved 1058816K
  class space    used 1127K, capacity 1206K, committed 1280K, reserved 1048576K
}
Event: 2.495 GC heap after
{Heap after GC invocations=3 (full 0):
 garbage-first heap   total 131072K, used 9797K [0x0000000080000000, 0x0000000100000000)
  region size 1024K, 2 young (2048K), 2 survivors (2048K)
 Metaspace       used 10769K, capacity 11003K, committed 11264K, reserved 1058816K
  class space    used 1127K, capacity 1206K, committed 1280K, reserved 1048576K
}
Event: 3.972 GC heap before
{Heap before GC invocations=3 (full 0):
 garbage-first heap   total 131072K, used 50757K [0x0000000080000000, 0x0000000100000000)
  region size 1024K, 42 young (43008K), 2 survivors (2048K)
 Metaspace       used 16977K, capacity 17321K, committed 17536K, reserved 1064960K
  class space    used 1969K, capacity 2098K, committed 2176K, reserved 1048576K
}
Event: 3.993 GC heap after
{Heap after GC invocations=4 (full 0):
 garbage-first heap   total 131072K, used 15681K [0x0000000080000000, 0x0000000100000000)
  region size 1024K, 6 young (6144K), 6 survivors (6144K)
 Metaspace       used 16977K, capacity 17321K, committed 17536K, reserved 1064960K
  class space    used 1969K, capacity 2098K, committed 2176K, reserved 1048576K
}
Event: 4.771 GC heap before
{Heap before GC invocations=4 (full 0):
 garbage-first heap   total 131072K, used 46401K [0x0000000080000000, 0x0000000100000000)
  region size 1024K, 38 young (38912K), 6 survivors (6144K)
 Metaspace       used 20686K, capacity 21104K, committed 21248K, reserved 1067008K
  class space    used 2550K, capacity 2707K, committed 2816K, reserved 1048576K
}
Event: 4.786 GC heap after
{Heap after GC invocations=5 (full 0):
 garbage-first heap   total 131072K, used 17255K [0x0000000080000000, 0x0000000100000000)
  region size 1024K, 2 young (2048K), 2 survivors (2048K)
 Metaspace       used 20686K, capacity 21104K, committed 21248K, reserved 1067008K
  class space    used 2550K, capacity 2707K, committed 2816K, reserved 1048576K
}
Event: 6.427 GC heap before
{Heap before GC invocations=6 (full 0):
 garbage-first heap   total 131072K, used 65383K [0x0000000080000000, 0x0000000100000000)
  region size 1024K, 50 young (51200K), 2 survivors (2048K)
 Metaspace       used 25613K, capacity 26143K, committed 26368K, reserved 1073152K
  class space    used 3355K, capacity 3582K, committed 3584K, reserved 1048576K
}
Event: 6.436 GC heap after
{Heap after GC invocations=7 (full 0):
 garbage-first heap   total 157696K, used 19030K [0x0000000080000000, 0x0000000100000000)
  region size 1024K, 4 young (4096K), 4 survivors (4096K)
 Metaspace       used 25613K, capacity 26143K, committed 26368K, reserved 1073152K
  class space    used 3355K, capacity 3582K, committed 3584K, reserved 1048576K
}
Event: 8.985 GC heap before
{Heap before GC invocations=7 (full 0):
 garbage-first heap   total 157696K, used 78422K [0x0000000080000000, 0x0000000100000000)
  region size 1024K, 64 young (65536K), 4 survivors (4096K)
 Metaspace       used 35033K, capacity 35793K, committed 35840K, reserved 1081344K
  class space    used 4541K, capacity 4844K, committed 4864K, reserved 1048576K
}
Event: 9.002 GC heap after
{Heap after GC invocations=8 (full 0):
 garbage-first heap   total 157696K, used 22538K [0x0000000080000000, 0x0000000100000000)
  region size 1024K, 7 young (7168K), 7 survivors (7168K)
 Metaspace       used 35033K, capacity 35793K, committed 35840K, reserved 1081344K
  class space    used 4541K, capacity 4844K, committed 4864K, reserved 1048576K
}

Deoptimization events (20 events):
Event: 11.102 Thread 0x000001bca6974000 Uncommon trap: trap_request=0xffffff4d fr.pc=0x000001bc96770e18 relative=0x0000000000001b98
Event: 11.103 Thread 0x000001bca6974000 Uncommon trap: reason=unstable_if action=reinterpret pc=0x000001bc96770e18 method=java.util.concurrent.ConcurrentHashMap.computeIfAbsent(Ljava/lang/Object;Ljava/util/function/Function;)Ljava/lang/Object; @ 123 c2
Event: 11.103 Thread 0x000001bca6974000 DEOPT PACKING pc=0x000001bc96770e18 sp=0x00000086a2aface0
Event: 11.103 Thread 0x000001bca6974000 DEOPT UNPACKING pc=0x000001bc8eb6782f sp=0x00000086a2afac70 mode 2
Event: 11.213 Thread 0x000001bca6df1000 Uncommon trap: trap_request=0xffffffbe fr.pc=0x000001bc9674ca94 relative=0x0000000000000394
Event: 11.213 Thread 0x000001bca6df1000 Uncommon trap: reason=profile_predicate action=maybe_recompile pc=0x000001bc9674ca94 method=java.util.stream.ReferencePipeline.forEachWithCancel(Ljava/util/Spliterator;Ljava/util/stream/Sink;)Z @ 8 c2
Event: 11.213 Thread 0x000001bca6df1000 DEOPT PACKING pc=0x000001bc9674ca94 sp=0x00000086a25fec10
Event: 11.213 Thread 0x000001bca6df1000 DEOPT UNPACKING pc=0x000001bc8eb6782f sp=0x00000086a25febb0 mode 2
Event: 11.265 Thread 0x000001bca6974000 Uncommon trap: trap_request=0xffffffde fr.pc=0x000001bc967858e4 relative=0x0000000000000444
Event: 11.265 Thread 0x000001bca6974000 Uncommon trap: reason=class_check action=maybe_recompile pc=0x000001bc967858e4 method=java.util.regex.Pattern$Start.match(Ljava/util/regex/Matcher;ILjava/lang/CharSequence;)Z @ 44 c2
Event: 11.265 Thread 0x000001bca6974000 DEOPT PACKING pc=0x000001bc967858e4 sp=0x00000086a2af7c40
Event: 11.265 Thread 0x000001bca6974000 DEOPT UNPACKING pc=0x000001bc8eb6782f sp=0x00000086a2af7b80 mode 2
Event: 11.615 Thread 0x000001bca6974000 Uncommon trap: trap_request=0xffffff4d fr.pc=0x000001bc967519b0 relative=0x0000000000000950
Event: 11.615 Thread 0x000001bca6974000 Uncommon trap: reason=unstable_if action=reinterpret pc=0x000001bc967519b0 method=java.util.WeakHashMap.eq(Ljava/lang/Object;Ljava/lang/Object;)Z @ 2 c2
Event: 11.615 Thread 0x000001bca6974000 DEOPT PACKING pc=0x000001bc967519b0 sp=0x00000086a2af48a0
Event: 11.616 Thread 0x000001bca6974000 DEOPT UNPACKING pc=0x000001bc8eb6782f sp=0x00000086a2af4810 mode 2
Event: 11.752 Thread 0x000001bca6974000 Uncommon trap: trap_request=0xffffff4d fr.pc=0x000001bc967e3ed8 relative=0x0000000000005ad8
Event: 11.752 Thread 0x000001bca6974000 Uncommon trap: reason=unstable_if action=reinterpret pc=0x000001bc967e3ed8 method=org.objectweb.asm.Frame.execute(IILorg/objectweb/asm/Symbol;Lorg/objectweb/asm/SymbolTable;)V @ 1 c2
Event: 11.752 Thread 0x000001bca6974000 DEOPT PACKING pc=0x000001bc967e3ed8 sp=0x00000086a2af62a0
Event: 11.752 Thread 0x000001bca6974000 DEOPT UNPACKING pc=0x000001bc8eb6782f sp=0x00000086a2af6248 mode 2

Classes redefined (0 events):
No events

Internal exceptions (20 events):
Event: 11.263 Thread 0x000001bca6974000 Exception <a 'java/lang/ClassNotFoundException'{0x0000000084fd6cc8}: groovy/lang/ClosureCustomizer> (0x0000000084fd6cc8) thrown at [./src/hotspot/share/classfile/systemDictionary.cpp, line 231]
Event: 11.269 Thread 0x000001bca6974000 Exception <a 'java/lang/ClassNotFoundException'{0x0000000084e2bff0}: groovy/lang/Closure$1Customizer> (0x0000000084e2bff0) thrown at [./src/hotspot/share/classfile/systemDictionary.cpp, line 231]
Event: 11.483 Thread 0x000001bca6974000 Exception <a 'java/lang/ClassNotFoundException'{0x0000000084c378d8}: org/gradle/internal/metaobject/ConfigureDelegateBeanInfo> (0x0000000084c378d8) thrown at [./src/hotspot/share/classfile/systemDictionary.cpp, line 231]
Event: 11.484 Thread 0x000001bca6974000 Exception <a 'java/lang/ClassNotFoundException'{0x0000000084c5ca88}: org/gradle/internal/metaobject/ConfigureDelegateCustomizer> (0x0000000084c5ca88) thrown at [./src/hotspot/share/classfile/systemDictionary.cpp, line 231]
Event: 11.494 Thread 0x000001bca6974000 Exception <a 'java/lang/ClassNotFoundException'{0x0000000084cc0790}: org/gradle/api/internal/initialization/DefaultScriptHandlerBeanInfo> (0x0000000084cc0790) thrown at [./src/hotspot/share/classfile/systemDictionary.cpp, line 231]
Event: 11.495 Thread 0x000001bca6974000 Exception <a 'java/lang/ClassNotFoundException'{0x0000000084ce9b90}: org/gradle/api/internal/initialization/DefaultScriptHandlerCustomizer> (0x0000000084ce9b90) thrown at [./src/hotspot/share/classfile/systemDictionary.cpp, line 231]
Event: 11.579 Thread 0x000001bca6974000 Exception <a 'java/lang/ClassNotFoundException'{0x000000008474a650}: org/gradle/api/internal/artifacts/dsl/DefaultRepositoryHandler_DecoratedBeanInfo> (0x000000008474a650) thrown at [./src/hotspot/share/classfile/systemDictionary.cpp, line 231]
Event: 11.597 Thread 0x000001bca6974000 Exception <a 'java/lang/ClassNotFoundException'{0x0000000084783738}: org/gradle/api/internal/artifacts/dsl/DefaultRepositoryHandlerBeanInfo> (0x0000000084783738) thrown at [./src/hotspot/share/classfile/systemDictionary.cpp, line 231]
Event: 11.599 Thread 0x000001bca6974000 Exception <a 'java/lang/ClassNotFoundException'{0x00000000847beb48}: org/gradle/api/internal/artifacts/DefaultArtifactRepositoryContainerBeanInfo> (0x00000000847beb48) thrown at [./src/hotspot/share/classfile/systemDictionary.cpp, line 231]
Event: 11.601 Thread 0x000001bca6974000 Exception <a 'java/lang/ClassNotFoundException'{0x00000000847e82b8}: org/gradle/api/internal/DefaultNamedDomainObjectListBeanInfo> (0x00000000847e82b8) thrown at [./src/hotspot/share/classfile/systemDictionary.cpp, line 231]
Event: 11.602 Thread 0x000001bca6974000 Exception <a 'java/lang/ClassNotFoundException'{0x0000000084613198}: org/gradle/api/internal/DefaultNamedDomainObjectCollectionBeanInfo> (0x0000000084613198) thrown at [./src/hotspot/share/classfile/systemDictionary.cpp, line 231]
Event: 11.604 Thread 0x000001bca6974000 Exception <a 'java/lang/ClassNotFoundException'{0x000000008463ca38}: org/gradle/api/internal/DefaultDomainObjectCollectionBeanInfo> (0x000000008463ca38) thrown at [./src/hotspot/share/classfile/systemDictionary.cpp, line 231]
Event: 11.604 Thread 0x000001bca6974000 Exception <a 'java/lang/ClassNotFoundException'{0x00000000846424e0}: java/util/AbstractCollectionBeanInfo> (0x00000000846424e0) thrown at [./src/hotspot/share/classfile/systemDictionary.cpp, line 231]
Event: 11.605 Thread 0x000001bca6974000 Exception <a 'java/lang/ClassNotFoundException'{0x0000000084647ef0}: java/util/AbstractCollectionCustomizer> (0x0000000084647ef0) thrown at [./src/hotspot/share/classfile/systemDictionary.cpp, line 231]
Event: 11.609 Thread 0x000001bca6974000 Exception <a 'java/lang/ClassNotFoundException'{0x000000008467add8}: org/gradle/api/internal/DefaultDomainObjectCollectionCustomizer> (0x000000008467add8) thrown at [./src/hotspot/share/classfile/systemDictionary.cpp, line 231]
Event: 11.615 Thread 0x000001bca6974000 Exception <a 'java/lang/ClassNotFoundException'{0x00000000846c3068}: org/gradle/api/internal/DefaultNamedDomainObjectCollectionCustomizer> (0x00000000846c3068) thrown at [./src/hotspot/share/classfile/systemDictionary.cpp, line 231]
Event: 11.628 Thread 0x000001bca6974000 Exception <a 'java/lang/ClassNotFoundException'{0x000000008451eaa0}: org/gradle/api/internal/DefaultNamedDomainObjectListCustomizer> (0x000000008451eaa0) thrown at [./src/hotspot/share/classfile/systemDictionary.cpp, line 231]
Event: 11.648 Thread 0x000001bca6974000 Exception <a 'java/lang/ClassNotFoundException'{0x00000000845737b8}: org/gradle/api/internal/artifacts/DefaultArtifactRepositoryContainerCustomizer> (0x00000000845737b8) thrown at [./src/hotspot/share/classfile/systemDictionary.cpp, line 231]
Event: 11.652 Thread 0x000001bca6974000 Exception <a 'java/lang/ClassNotFoundException'{0x00000000845bde50}: org/gradle/api/internal/artifacts/dsl/DefaultRepositoryHandlerCustomizer> (0x00000000845bde50) thrown at [./src/hotspot/share/classfile/systemDictionary.cpp, line 231]
Event: 11.656 Thread 0x000001bca6974000 Exception <a 'java/lang/ClassNotFoundException'{0x000000008441b010}: org/gradle/api/internal/artifacts/dsl/DefaultRepositoryHandler_DecoratedCustomizer> (0x000000008441b010) thrown at [./src/hotspot/share/classfile/systemDictionary.cpp, line 231]

Events (20 events):
Event: 11.785 loading class org/gradle/internal/deprecation/Documentation
Event: 11.785 loading class org/gradle/internal/deprecation/Documentation done
Event: 11.786 loading class org/gradle/internal/deprecation/Documentation$NullDocumentation
Event: 11.786 loading class org/gradle/internal/deprecation/Documentation$NullDocumentation done
Event: 11.787 loading class org/gradle/internal/deprecation/Documentation$DslReference
Event: 11.787 loading class org/gradle/internal/deprecation/Documentation$DslReference done
Event: 11.787 loading class org/gradle/internal/deprecation/Documentation$UserGuide
Event: 11.787 loading class org/gradle/internal/deprecation/Documentation$UserGuide done
Event: 11.788 loading class org/gradle/internal/deprecation/Documentation$UpgradeGuide
Event: 11.788 loading class org/gradle/internal/deprecation/Documentation$UpgradeGuide done
Event: 11.788 loading class org/gradle/internal/deprecation/DeprecatedFeatureUsage$Type
Event: 11.788 loading class org/gradle/internal/deprecation/DeprecatedFeatureUsage$Type done
Event: 11.789 loading class org/gradle/internal/deprecation/DeprecationTimeline
Event: 11.789 loading class org/gradle/internal/deprecation/DeprecationTimeline done
Event: 11.789 loading class org/gradle/internal/deprecation/DeprecationMessageBuilder$WithDeprecationTimeline
Event: 11.789 loading class org/gradle/internal/deprecation/DeprecationMessageBuilder$WithDeprecationTimeline done
Event: 11.790 loading class org/gradle/internal/deprecation/DeprecationMessageBuilder$WithDocumentation
Event: 11.790 loading class org/gradle/internal/deprecation/DeprecationMessageBuilder$WithDocumentation done
Event: 11.791 loading class org/gradle/internal/deprecation/DeprecationMessage
Event: 11.791 loading class org/gradle/internal/deprecation/DeprecationMessage done


Dynamic libraries:
0x00007ff6b3290000 - 0x00007ff6b329a000 	D:\temp\android-studio\jre\bin\java.exe
0x00007ffb10000000 - 0x00007ffb101f0000 	C:\WINDOWS\SYSTEM32\ntdll.dll
0x00007ffb0e9c0000 - 0x00007ffb0ea72000 	C:\WINDOWS\System32\KERNEL32.DLL
0x00007ffb0dd50000 - 0x00007ffb0dff5000 	C:\WINDOWS\System32\KERNELBASE.dll
0x00007ffb0d720000 - 0x00007ffb0d81a000 	C:\WINDOWS\System32\ucrtbase.dll
0x00007ffafc9c0000 - 0x00007ffafc9d9000 	D:\temp\android-studio\jre\bin\jli.dll
0x00007ffb01b40000 - 0x00007ffb01b57000 	D:\temp\android-studio\jre\bin\VCRUNTIME140.dll
0x00007ffb0e160000 - 0x00007ffb0e2f4000 	C:\WINDOWS\System32\USER32.dll
0x00007ffb0cf70000 - 0x00007ffb0cf91000 	C:\WINDOWS\System32\win32u.dll
0x00007ffb0f9b0000 - 0x00007ffb0f9d6000 	C:\WINDOWS\System32\GDI32.dll
0x00007ffafe700000 - 0x00007ffafe984000 	C:\WINDOWS\WinSxS\amd64_microsoft.windows.common-controls_6595b64144ccf1df_6.0.18362.1556_none_9e7e372fe45e41d5\COMCTL32.dll
0x00007ffb0d8d0000 - 0x00007ffb0da68000 	C:\WINDOWS\System32\gdi32full.dll
0x00007ffb0fb40000 - 0x00007ffb0fbde000 	C:\WINDOWS\System32\msvcrt.dll
0x00007ffb0db50000 - 0x00007ffb0dbee000 	C:\WINDOWS\System32\msvcp_win.dll
0x00007ffb0ea80000 - 0x00007ffb0edb6000 	C:\WINDOWS\System32\combase.dll
0x00007ffb0e300000 - 0x00007ffb0e41f000 	C:\WINDOWS\System32\RPCRT4.dll
0x00007ffb0dac0000 - 0x00007ffb0db41000 	C:\WINDOWS\System32\bcryptPrimitives.dll
0x00007ffb0e990000 - 0x00007ffb0e9be000 	C:\WINDOWS\System32\IMM32.DLL
0x00007ffafa460000 - 0x00007ffafa4fd000 	D:\temp\android-studio\jre\bin\msvcp140.dll
0x00007ffada960000 - 0x00007ffadb42f000 	D:\temp\android-studio\jre\bin\server\jvm.dll
0x00007ffb0fde0000 - 0x00007ffb0fe83000 	C:\WINDOWS\System32\ADVAPI32.dll
0x00007ffb0fc00000 - 0x00007ffb0fc97000 	C:\WINDOWS\System32\sechost.dll
0x00007ffb0f230000 - 0x00007ffb0f238000 	C:\WINDOWS\System32\PSAPI.DLL
0x00007ffb01b60000 - 0x00007ffb01b69000 	C:\WINDOWS\SYSTEM32\WSOCK32.dll
0x00007ffb0fd70000 - 0x00007ffb0fddf000 	C:\WINDOWS\System32\WS2_32.dll
0x00007ffb0aec0000 - 0x00007ffb0aee4000 	C:\WINDOWS\SYSTEM32\WINMM.dll
0x00007ffb01420000 - 0x00007ffb0142a000 	C:\WINDOWS\SYSTEM32\VERSION.dll
0x00007ffb0aa40000 - 0x00007ffb0aa6d000 	C:\WINDOWS\SYSTEM32\WINMMBASE.dll
0x00007ffb0da70000 - 0x00007ffb0daba000 	C:\WINDOWS\System32\cfgmgr32.dll
0x00007ffb0cf10000 - 0x00007ffb0cf21000 	C:\WINDOWS\System32\kernel.appcore.dll
0x00007ffaffd20000 - 0x00007ffaffd31000 	D:\temp\android-studio\jre\bin\verify.dll
0x00007ffafff20000 - 0x00007ffb00114000 	C:\WINDOWS\SYSTEM32\DBGHELP.DLL
0x00007ffaffed0000 - 0x00007ffaffefa000 	C:\WINDOWS\SYSTEM32\dbgcore.DLL
0x00007ffaffcf0000 - 0x00007ffaffd19000 	D:\temp\android-studio\jre\bin\java.dll
0x00007ffaffce0000 - 0x00007ffaffceb000 	D:\temp\android-studio\jre\bin\jimage.dll
0x00007ffafcf90000 - 0x00007ffafcfa8000 	D:\temp\android-studio\jre\bin\zip.dll
0x00007ffb0f2c0000 - 0x00007ffb0f9a7000 	C:\WINDOWS\System32\SHELL32.dll
0x00007ffb0e770000 - 0x00007ffb0e818000 	C:\WINDOWS\System32\shcore.dll
0x00007ffb0cfa0000 - 0x00007ffb0d71b000 	C:\WINDOWS\System32\windows.storage.dll
0x00007ffb0cf30000 - 0x00007ffb0cf4e000 	C:\WINDOWS\System32\profapi.dll
0x00007ffb0cec0000 - 0x00007ffb0cf0a000 	C:\WINDOWS\System32\powrprof.dll
0x00007ffb0ceb0000 - 0x00007ffb0cec0000 	C:\WINDOWS\System32\UMPDC.dll
0x00007ffb0ff60000 - 0x00007ffb0ffb2000 	C:\WINDOWS\System32\shlwapi.dll
0x00007ffb0d820000 - 0x00007ffb0d837000 	C:\WINDOWS\System32\cryptsp.dll
0x00007ffafcf70000 - 0x00007ffafcf8a000 	D:\temp\android-studio\jre\bin\net.dll
0x00007ffb028d0000 - 0x00007ffb029ca000 	C:\WINDOWS\SYSTEM32\WINHTTP.dll
0x00007ffb0c690000 - 0x00007ffb0c6f7000 	C:\WINDOWS\system32\mswsock.dll
0x00007ffafc630000 - 0x00007ffafc644000 	D:\temp\android-studio\jre\bin\nio.dll
0x00007ffafc9e0000 - 0x00007ffafca07000 	C:\Users\AgamiSoft\.gradle\native\8bec1ad78214c89d9ad589b4d07fe93259594b29d510b10fafb7a158f7737e5d\windows-amd64\native-platform.dll
0x00007ffae8400000 - 0x00007ffae853d000 	C:\Users\AgamiSoft\.gradle\native\53dbd7edfb1c66fb8903c78663c9afc45aea4f116125fa6feffd364cf09443e8\windows-amd64\native-platform-file-events.dll
0x00007ffafe6a0000 - 0x00007ffafe6aa000 	D:\temp\android-studio\jre\bin\management.dll
0x00007ffafdd20000 - 0x00007ffafdd2c000 	D:\temp\android-studio\jre\bin\management_ext.dll
0x00007ffb0c210000 - 0x00007ffb0c243000 	C:\WINDOWS\system32\rsaenh.dll
0x00007ffb0d840000 - 0x00007ffb0d866000 	C:\WINDOWS\System32\bcrypt.dll
0x00007ffb0cda0000 - 0x00007ffb0cdc5000 	C:\WINDOWS\SYSTEM32\USERENV.dll
0x00007ffb0c860000 - 0x00007ffb0c86c000 	C:\WINDOWS\SYSTEM32\CRYPTBASE.dll
0x00007ffb0c3a0000 - 0x00007ffb0c3da000 	C:\WINDOWS\SYSTEM32\IPHLPAPI.DLL
0x00007ffb0e8a0000 - 0x00007ffb0e8a8000 	C:\WINDOWS\System32\NSI.dll
0x00007ffb05cd0000 - 0x00007ffb05ce6000 	C:\WINDOWS\SYSTEM32\dhcpcsvc6.DLL
0x00007ffb05af0000 - 0x00007ffb05b0c000 	C:\WINDOWS\SYSTEM32\dhcpcsvc.DLL
0x00007ffb0c3e0000 - 0x00007ffb0c4ab000 	C:\WINDOWS\SYSTEM32\DNSAPI.dll

dbghelp: loaded successfully - version: 4.0.5 - missing functions: none
symbol engine: initialized successfully - sym options: 0x614 - pdb path: .;D:\temp\android-studio\jre\bin;C:\WINDOWS\SYSTEM32;C:\WINDOWS\WinSxS\amd64_microsoft.windows.common-controls_6595b64144ccf1df_6.0.18362.1556_none_9e7e372fe45e41d5;D:\temp\android-studio\jre\bin\server;C:\Users\AgamiSoft\.gradle\native\8bec1ad78214c89d9ad589b4d07fe93259594b29d510b10fafb7a158f7737e5d\windows-amd64;C:\Users\AgamiSoft\.gradle\native\53dbd7edfb1c66fb8903c78663c9afc45aea4f116125fa6feffd364cf09443e8\windows-amd64

VM Arguments:
jvm_args: --add-opens=java.base/java.util=ALL-UNNAMED --add-opens=java.base/java.lang=ALL-UNNAMED --add-opens=java.base/java.lang.invoke=ALL-UNNAMED --add-opens=java.base/java.util=ALL-UNNAMED --add-opens=java.prefs/java.util.prefs=ALL-UNNAMED --add-opens=java.prefs/java.util.prefs=ALL-UNNAMED --add-opens=java.base/java.nio.charset=ALL-UNNAMED --add-opens=java.base/java.net=ALL-UNNAMED --add-opens=java.base/java.util.concurrent.atomic=ALL-UNNAMED -Xmx2048m -Dfile.encoding=UTF-8 -Duser.country=US -Duser.language=en -Duser.variant 
java_command: org.gradle.launcher.daemon.bootstrap.GradleDaemon 7.1
java_class_path (initial): C:\Users\AgamiSoft\.gradle\wrapper\dists\gradle-7.1-all\9ccjyfn4kvk7v1w1wbmf8rhqp\gradle-7.1\lib\gradle-launcher-7.1.jar
Launcher Type: SUN_STANDARD

[Global flags]
     intx CICompilerCount                          = 3                                         {product} {ergonomic}
     uint ConcGCThreads                            = 1                                         {product} {ergonomic}
     uint G1ConcRefinementThreads                  = 4                                         {product} {ergonomic}
   size_t G1HeapRegionSize                         = 1048576                                   {product} {ergonomic}
    uintx GCDrainStackTargetSize                   = 64                                        {product} {ergonomic}
   size_t InitialHeapSize                          = 134217728                                 {product} {ergonomic}
   size_t MarkStackSize                            = 4194304                                   {product} {ergonomic}
   size_t MaxHeapSize                              = 2147483648                                {product} {command line}
   size_t MaxNewSize                               = 1287651328                                {product} {ergonomic}
   size_t MinHeapDeltaBytes                        = 1048576                                   {product} {ergonomic}
    uintx NonNMethodCodeHeapSize                   = 5830732                                {pd product} {ergonomic}
    uintx NonProfiledCodeHeapSize                  = 122913754                              {pd product} {ergonomic}
    uintx ProfiledCodeHeapSize                     = 122913754                              {pd product} {ergonomic}
    uintx ReservedCodeCacheSize                    = 251658240                              {pd product} {ergonomic}
     bool SegmentedCodeCache                       = true                                      {product} {ergonomic}
     bool UseCompressedClassPointers               = true                                 {lp64_product} {ergonomic}
     bool UseCompressedOops                        = true                                 {lp64_product} {ergonomic}
     bool UseG1GC                                  = true                                      {product} {ergonomic}
     bool UseLargePagesIndividualAllocation        = false                                  {pd product} {ergonomic}

Logging:
Log output configuration:
 #0: stdout all=warning uptime,level,tags
 #1: stderr all=off uptime,level,tags

Environment Variables:
JAVA_HOME=C:\Program Files\Java\jdk1.8.0_211
CLASSPATH=.;
PATH=C:\WINDOWS\system32;C:\WINDOWS;C:\WINDOWS\System32\Wbem;C:\WINDOWS\System32\WindowsPowerShell\v1.0\;C:\WINDOWS\System32\OpenSSH\;C:\src\dart-sdk\bin;C:\src\flutter\bin;C:\Program Files\Git\cmd;C:\ProgramData\chocolatey\bin;C:\Program Files\Java\jdk1.8.0_211\bin;D:\flutter\src\flutter\bin;C:\Program Files\JetBrains\PhpStorm 2020.3.1\bin;;D:\VS code\bin
USERNAME=AgamiSoft
OS=Windows_NT
PROCESSOR_IDENTIFIER=Intel64 Family 6 Model 42 Stepping 7, GenuineIntel



---------------  S Y S T E M  ---------------

OS: Windows 10 , 64 bit Build 18362 (10.0.18362.1500)
OS uptime: 1 days 3:52 hours

CPU:total 4 (initial active 4) (2 cores per cpu, 2 threads per core) family 6 model 42 stepping 7 microcode 0x2f, cmov, cx8, fxsr, mmx, sse, sse2, sse3, ssse3, sse4.1, sse4.2, popcnt, avx, clmul, ht, tsc, tscinvbit

Memory: 4k page, system-wide physical 8092M (1402M free)
TotalPageFile size 9957M (AvailPageFile size 5M)
current process WorkingSet (physical memory assigned to process): 282M, peak: 282M
current process commit charge ("private bytes"): 355M, peak: 355M

vm_info: OpenJDK 64-Bit Server VM (11.0.10+0-b96-7249189) for windows-amd64 JRE (11.0.10+0-b96-7249189), built on Mar 31 2021 21:44:00 by "builder" with MS VC++ 14.0 (VS2015)

END.
